Log file open, 11/27/19 13:07:31
LogWindows: Failed to load 'aqProf.dll' (GetLastError=126)
LogWindows: File 'aqProf.dll' does not exist
LogWindows: Failed to load 'VtuneApi.dll' (GetLastError=126)
LogWindows: File 'VtuneApi.dll' does not exist
LogWindows: Failed to load 'VtuneApi32e.dll' (GetLastError=126)
LogWindows: File 'VtuneApi32e.dll' does not exist
LogConsoleResponse: Display: Failed to find resolution value strings in scalability ini. Falling back to default.
LogInit: Display: Running engine for game: BPOW
LogPakFile: Registered encryption key '00000000000000000000000000000000': 0 pak files mounted, 0 remain pending
LogPlatformFile: Not using cached read wrapper
LogTaskGraph: Started task graph with 5 named threads and 14 total threads with 3 sets of task threads.
LogStats: Stats thread started at 0.169771
LogD3D11RHI: Loaded GFSDK_Aftermath_Lib.x64.dll
LogICUInternationalization: ICU TimeZone Detection - Raw Offset: +1:00, Platform Override: ''
LogFileManager: Warning: ReadFile failed: Count=0 Length=11987648 Error=El archivo o directorio está dañado o es ilegible. for file E:/DAM_VIOD/Unreal/BPOW-master/BPOW-master/BPOW/Intermediate/Config/CoalescedSourceConfigs/Game.ini
LogConfig: Warning: Failed to saved backup for config[E:/DAM_VIOD/Unreal/BPOW-master/BPOW-master/BPOW/Intermediate/Config/CoalescedSourceConfigs/Game.ini]
LogPluginManager: Mounting plugin Paper2D
LogPluginManager: Mounting plugin AISupport
LogPluginManager: Mounting plugin LightPropagationVolume
LogPluginManager: Mounting plugin ActorLayerUtilities
LogPluginManager: Mounting plugin AnimationSharing
LogPluginManager: Mounting plugin CLionSourceCodeAccess
LogPluginManager: Mounting plugin CodeLiteSourceCodeAccess
LogPluginManager: Mounting plugin GitSourceControl
LogPluginManager: Mounting plugin KDevelopSourceCodeAccess
LogPluginManager: Mounting plugin NullSourceCodeAccess
LogPluginManager: Mounting plugin PerforceSourceControl
LogPluginManager: Mounting plugin SubversionSourceControl
LogPluginManager: Mounting plugin UObjectPlugin
LogPluginManager: Mounting plugin VisualStudioCodeSourceCodeAccess
LogPluginManager: Mounting plugin VisualStudioSourceCodeAccess
LogPluginManager: Mounting plugin XCodeSourceCodeAccess
LogPluginManager: Mounting plugin AssetManagerEditor
LogPluginManager: Mounting plugin CryptoKeys
LogPluginManager: Mounting plugin DataValidation
LogPluginManager: Mounting plugin FacialAnimation
LogPluginManager: Mounting plugin GameplayTagsEditor
LogPluginManager: Mounting plugin MacGraphicsSwitching
LogPluginManager: Mounting plugin MaterialAnalyzer
LogPluginManager: Mounting plugin MobileLauncherProfileWizard
LogPluginManager: Mounting plugin PluginBrowser
LogPluginManager: Mounting plugin SpeedTreeImporter
LogPluginManager: Mounting plugin DatasmithContent
LogPluginManager: Mounting plugin VariantManagerContent
LogPluginManager: Mounting plugin AlembicImporter
LogPluginManager: Mounting plugin AppleImageUtils
LogPluginManager: Mounting plugin AppleVision
LogPluginManager: Mounting plugin BackChannel
LogPluginManager: Mounting plugin CharacterAI
LogPluginManager: Mounting plugin GeometryCache
LogPluginManager: Mounting plugin HTML5Networking
LogPluginManager: Mounting plugin ProxyLODPlugin
LogPluginManager: Mounting plugin SkeletalReduction
LogPluginManager: Mounting plugin MagicLeap
LogPluginManager: Mounting plugin MagicLeapMedia
LogPluginManager: Mounting plugin AndroidMedia
LogPluginManager: Mounting plugin AvfMedia
LogPluginManager: Mounting plugin ImgMedia
LogPluginManager: Mounting plugin LinearTimecode
LogPluginManager: Mounting plugin MediaCompositing
LogPluginManager: Mounting plugin MediaPlayerEditor
LogPluginManager: Mounting plugin WebMMedia
LogPluginManager: Mounting plugin WmfMedia
LogPluginManager: Mounting plugin TcpMessaging
LogPluginManager: Mounting plugin UdpMessaging
LogPluginManager: Mounting plugin ActorSequence
LogPluginManager: Mounting plugin LevelSequenceEditor
LogPluginManager: Mounting plugin MatineeToLevelSequence
LogPluginManager: Mounting plugin NetcodeUnitTest
LogPluginManager: Mounting plugin NUTUnrealEngine4
LogPluginManager: Mounting plugin OnlineSubsystemGooglePlay
LogPluginManager: Mounting plugin OnlineSubsystemIOS
LogPluginManager: Mounting plugin OnlineSubsystem
LogPluginManager: Mounting plugin OnlineSubsystemNull
LogPluginManager: Mounting plugin OnlineSubsystemUtils
LogPluginManager: Mounting plugin LauncherChunkInstaller
LogPluginManager: Mounting plugin AndroidDeviceProfileSelector
LogPluginManager: Mounting plugin AndroidMoviePlayer
LogPluginManager: Mounting plugin AndroidPermission
LogPluginManager: Mounting plugin AppleMoviePlayer
LogPluginManager: Mounting plugin ArchVisCharacter
LogPluginManager: Mounting plugin AudioCapture
LogPluginManager: Mounting plugin CableComponent
LogPluginManager: Mounting plugin CustomMeshComponent
LogPluginManager: Mounting plugin EditableMesh
LogPluginManager: Mounting plugin ExampleDeviceProfileSelector
LogPluginManager: Mounting plugin Firebase
LogPluginManager: Mounting plugin GoogleCloudMessaging
LogPluginManager: Mounting plugin IOSDeviceProfileSelector
LogPluginManager: Mounting plugin LinuxDeviceProfileSelector
LogPluginManager: Mounting plugin LocationServicesBPLibrary
LogPluginManager: Mounting plugin MobilePatchingUtils
LogPluginManager: Mounting plugin OculusVR
LogPluginManager: Mounting plugin PhysXVehicles
LogPluginManager: Mounting plugin ProceduralMeshComponent
LogPluginManager: Mounting plugin RuntimePhysXCooking
LogPluginManager: Mounting plugin SignificanceManager
LogPluginManager: Mounting plugin SteamVR
LogPluginManager: Mounting plugin WebMMoviePlayer
LogPluginManager: Mounting plugin WindowsMoviePlayer
LogInit: Using libcurl 7.55.1-DEV
LogInit:  - built for x86_64-pc-win32
LogInit:  - supports SSL with OpenSSL/1.1.1
LogInit:  - supports HTTP deflate (compression) using libz 1.2.8
LogInit:  - other features:
LogInit:      CURL_VERSION_SSL
LogInit:      CURL_VERSION_LIBZ
LogInit:      CURL_VERSION_IPV6
LogInit:      CURL_VERSION_ASYNCHDNS
LogInit:      CURL_VERSION_LARGEFILE
LogInit:      CURL_VERSION_IDN
LogInit:  CurlRequestOptions (configurable via config and command line):
LogInit:  - bVerifyPeer = true  - Libcurl will verify peer certificate
LogInit:  - bUseHttpProxy = false  - Libcurl will NOT use HTTP proxy
LogInit:  - bDontReuseConnections = false  - Libcurl will reuse connections
LogInit:  - MaxHostConnections = 16  - Libcurl will limit the number of connections to a host
LogInit:  - LocalHostAddr = Default
LogInit:  - BufferSize = 65536
LogInit: WinSock: version 1.1 (2.2), MaxSocks=32767, MaxUdp=65467
LogInit: Build: ++UE4+Release-4.22-CL-7053642
LogInit: Engine Version: 4.22.3-7053642+++UE4+Release-4.22
LogInit: Compatible Engine Version: 4.22.0-5660361+++UE4+Release-4.22
LogInit: Net CL: 5660361
LogInit: OS: Windows 10 (Release 1903) (), CPU: Intel(R) Core(TM) i5-6600K CPU @ 3.50GHz, GPU: NVIDIA GeForce GTX 970
LogInit: Compiled (64-bit): Jun 18 2019 03:09:11
LogInit: Compiled with Visual C++: 19.16.27025.01
LogInit: Build Configuration: Development
LogInit: Branch Name: ++UE4+Release-4.22
LogInit: Command Line:  -EpicPortal -epicusername=BernatGB2000 -epicuserid=8c967b9841c74c459fd18fa5749d7d11 -epiclocale=es-ES
LogInit: Base Directory: D:/Programas/UE_4.22/Engine/Binaries/Win64/
LogInit: Installed Engine Build: 1
LogDevObjectVersion: Number of dev versions registered: 23
LogDevObjectVersion:   Dev-Blueprints (B0D832E4-1F89-4F0D-ACCF-7EB736FD4AA2): 10
LogDevObjectVersion:   Dev-Build (E1C64328-A22C-4D53-A36C-8E866417BD8C): 0
LogDevObjectVersion:   Dev-Core (375EC13C-06E4-48FB-B500-84F0262A717E): 3
LogDevObjectVersion:   Dev-Editor (E4B068ED-F494-42E9-A231-DA0B2E46BB41): 30
LogDevObjectVersion:   Dev-Framework (CFFC743F-43B0-4480-9391-14DF171D2073): 35
LogDevObjectVersion:   Dev-Mobile (B02B49B5-BB20-44E9-A304-32B752E40360): 2
LogDevObjectVersion:   Dev-Networking (A4E4105C-59A1-49B5-A7C5-40C4547EDFEE): 0
LogDevObjectVersion:   Dev-Online (39C831C9-5AE6-47DC-9A44-9C173E1C8E7C): 0
LogDevObjectVersion:   Dev-Physics (78F01B33-EBEA-4F98-B9B4-84EACCB95AA2): 0
LogDevObjectVersion:   Dev-Platform (6631380F-2D4D-43E0-8009-CF276956A95A): 0
LogDevObjectVersion:   Dev-Rendering (12F88B9F-8875-4AFC-A67C-D90C383ABD29): 28
LogDevObjectVersion:   Dev-Sequencer (7B5AE74C-D270-4C10-A958-57980B212A5A): 11
LogDevObjectVersion:   Dev-VR (D7296918-1DD6-4BDD-9DE2-64A83CC13884): 2
LogDevObjectVersion:   Dev-LoadTimes (C2A15278-BFE7-4AFE-6C17-90FF531DF755): 1
LogDevObjectVersion:   Private-Geometry (6EACA3D4-40EC-4CC1-B786-8BED09428FC5): 3
LogDevObjectVersion:   Dev-AnimPhys (29E575DD-E0A3-4627-9D10-D276232CDCEA): 17
LogDevObjectVersion:   Dev-Anim (AF43A65D-7FD3-4947-9873-3E8ED9C1BB05): 2
LogDevObjectVersion:   Dev-ReflectionCapture (6B266CEC-1EC7-4B8F-A30B-E4D90942FC07): 1
LogDevObjectVersion:   Dev-Automation (0DF73D61-A23F-47EA-B727-89E90C41499A): 1
LogDevObjectVersion:   FortniteMain (601D1886-AC64-4F84-AA16-D3DE0DEAC7D6): 25
LogDevObjectVersion:   Dev-Enterprise (9DFFBCD6-494F-0158-E221-12823C92A888): 6
LogDevObjectVersion:   Dev-Niagara (F2AED0AC-9AFE-416F-8664-AA7FFA26D6FC): 1
LogDevObjectVersion:   Dev-Destruction (174F1F0B-B4C6-45A5-B13F-2EE8D0FB917D): 2
LogInit: Presizing for max 16777216 objects, including 0 objects not considered by GC, pre-allocating 0 bytes for permanent pool.
LogInit: Object subsystem initialized
LogConfig: Setting CVar [[con.DebugEarlyDefault:1]]
LogConfig: Setting CVar [[r.setres:1280x720]]
[2019.11.27-12.07.34:524][  0]LogConfig: Setting CVar [[r.VSync:0]]
[2019.11.27-12.07.34:525][  0]LogConfig: Setting CVar [[r.RHICmdBypass:0]]
[2019.11.27-12.07.34:525][  0]LogConfig: Applying CVar settings from Section [/Script/Engine.RendererSettings] File [E:/DAM_VIOD/Unreal/BPOW-master/BPOW-master/BPOW/Saved/Config/Windows/Engine.ini]
[2019.11.27-12.07.34:525][  0]LogConfig: Setting CVar [[r.GPUCrashDebugging:0]]
[2019.11.27-12.07.34:525][  0]LogConfig: Applying CVar settings from Section [/Script/Engine.RendererOverrideSettings] File [E:/DAM_VIOD/Unreal/BPOW-master/BPOW-master/BPOW/Saved/Config/Windows/Engine.ini]
[2019.11.27-12.07.34:525][  0]LogConfig: Applying CVar settings from Section [/Script/Engine.StreamingSettings] File [E:/DAM_VIOD/Unreal/BPOW-master/BPOW-master/BPOW/Saved/Config/Windows/Engine.ini]
[2019.11.27-12.07.34:525][  0]LogConfig: Setting CVar [[s.MinBulkDataSizeForAsyncLoading:131072]]
[2019.11.27-12.07.34:525][  0]LogConfig: Setting CVar [[s.AsyncLoadingThreadEnabled:0]]
[2019.11.27-12.07.34:525][  0]LogConfig: Setting CVar [[s.EventDrivenLoaderEnabled:1]]
[2019.11.27-12.07.34:525][  0]LogConfig: Setting CVar [[s.WarnIfTimeLimitExceeded:0]]
[2019.11.27-12.07.34:525][  0]LogConfig: Setting CVar [[s.TimeLimitExceededMultiplier:1.5]]
[2019.11.27-12.07.34:525][  0]LogConfig: Setting CVar [[s.TimeLimitExceededMinTime:0.005]]
[2019.11.27-12.07.34:525][  0]LogConfig: Setting CVar [[s.UseBackgroundLevelStreaming:1]]
[2019.11.27-12.07.34:525][  0]LogConfig: Setting CVar [[s.PriorityAsyncLoadingExtraTime:15.0]]
[2019.11.27-12.07.34:525][  0]LogConfig: Setting CVar [[s.LevelStreamingActorsUpdateTimeLimit:5.0]]
[2019.11.27-12.07.34:525][  0]LogConfig: Setting CVar [[s.PriorityLevelStreamingActorsUpdateExtraTime:5.0]]
[2019.11.27-12.07.34:525][  0]LogConfig: Setting CVar [[s.LevelStreamingComponentsRegistrationGranularity:10]]
[2019.11.27-12.07.34:525][  0]LogConfig: Setting CVar [[s.UnregisterComponentsTimeLimit:1.0]]
[2019.11.27-12.07.34:525][  0]LogConfig: Setting CVar [[s.LevelStreamingComponentsUnregistrationGranularity:5]]
[2019.11.27-12.07.34:525][  0]LogConfig: Applying CVar settings from Section [/Script/Engine.GarbageCollectionSettings] File [E:/DAM_VIOD/Unreal/BPOW-master/BPOW-master/BPOW/Saved/Config/Windows/Engine.ini]
[2019.11.27-12.07.34:525][  0]LogConfig: Setting CVar [[gc.MaxObjectsNotConsideredByGC:1]]
[2019.11.27-12.07.34:525][  0]LogConfig: Setting CVar [[gc.SizeOfPermanentObjectPool:0]]
[2019.11.27-12.07.34:525][  0]LogConfig: Setting CVar [[gc.FlushStreamingOnGC:0]]
[2019.11.27-12.07.34:525][  0]LogConfig: Setting CVar [[gc.NumRetriesBeforeForcingGC:10]]
[2019.11.27-12.07.34:525][  0]LogConfig: Setting CVar [[gc.AllowParallelGC:1]]
[2019.11.27-12.07.34:525][  0]LogConfig: Setting CVar [[gc.TimeBetweenPurgingPendingKillObjects:61.1]]
[2019.11.27-12.07.34:525][  0]LogConfig: Setting CVar [[gc.MaxObjectsInEditor:16777216]]
[2019.11.27-12.07.34:525][  0]LogConfig: Setting CVar [[gc.IncrementalBeginDestroyEnabled:1]]
[2019.11.27-12.07.34:525][  0]LogConfig: Setting CVar [[gc.CreateGCClusters:1]]
[2019.11.27-12.07.34:525][  0]LogConfig: Setting CVar [[gc.MinGCClusterSize:5]]
[2019.11.27-12.07.34:525][  0]LogConfig: Setting CVar [[gc.ActorClusteringEnabled:0]]
[2019.11.27-12.07.34:525][  0]LogConfig: Setting CVar [[gc.BlueprintClusteringEnabled:0]]
[2019.11.27-12.07.34:525][  0]LogConfig: Setting CVar [[gc.UseDisregardForGCOnDedicatedServers:0]]
[2019.11.27-12.07.34:525][  0]LogConfig: Applying CVar settings from Section [/Script/Engine.NetworkSettings] File [E:/DAM_VIOD/Unreal/BPOW-master/BPOW-master/BPOW/Saved/Config/Windows/Engine.ini]
[2019.11.27-12.07.34:525][  0]LogConfig: Applying CVar settings from Section [/Script/UnrealEd.CookerSettings] File [E:/DAM_VIOD/Unreal/BPOW-master/BPOW-master/BPOW/Saved/Config/Windows/Engine.ini]
[2019.11.27-12.07.34:528][  0]LogConfig: Applying CVar settings from Section [ViewDistanceQuality@3] File [E:/DAM_VIOD/Unreal/BPOW-master/BPOW-master/BPOW/Saved/Config/Windows/Scalability.ini]
[2019.11.27-12.07.34:528][  0]LogConfig: Setting CVar [[r.SkeletalMeshLODBias:0]]
[2019.11.27-12.07.34:528][  0]LogConfig: Setting CVar [[r.ViewDistanceScale:1.0]]
[2019.11.27-12.07.34:528][  0]LogConfig: Applying CVar settings from Section [AntiAliasingQuality@3] File [E:/DAM_VIOD/Unreal/BPOW-master/BPOW-master/BPOW/Saved/Config/Windows/Scalability.ini]
[2019.11.27-12.07.34:528][  0]LogConfig: Setting CVar [[r.PostProcessAAQuality:4]]
[2019.11.27-12.07.34:528][  0]LogConfig: Applying CVar settings from Section [ShadowQuality@3] File [E:/DAM_VIOD/Unreal/BPOW-master/BPOW-master/BPOW/Saved/Config/Windows/Scalability.ini]
[2019.11.27-12.07.34:528][  0]LogConfig: Setting CVar [[r.LightFunctionQuality:1]]
[2019.11.27-12.07.34:528][  0]LogConfig: Setting CVar [[r.ShadowQuality:5]]
[2019.11.27-12.07.34:528][  0]LogConfig: Setting CVar [[r.Shadow.CSM.MaxCascades:10]]
[2019.11.27-12.07.34:528][  0]LogConfig: Setting CVar [[r.Shadow.MaxResolution:2048]]
[2019.11.27-12.07.34:528][  0]LogConfig: Setting CVar [[r.Shadow.MaxCSMResolution:2048]]
[2019.11.27-12.07.34:528][  0]LogConfig: Setting CVar [[r.Shadow.RadiusThreshold:0.01]]
[2019.11.27-12.07.34:528][  0]LogConfig: Setting CVar [[r.Shadow.DistanceScale:1.0]]
[2019.11.27-12.07.34:528][  0]LogConfig: Setting CVar [[r.Shadow.CSM.TransitionScale:1.0]]
[2019.11.27-12.07.34:528][  0]LogConfig: Setting CVar [[r.Shadow.PreShadowResolutionFactor:1.0]]
[2019.11.27-12.07.34:528][  0]LogConfig: Setting CVar [[r.DistanceFieldShadowing:1]]
[2019.11.27-12.07.34:528][  0]LogConfig: Setting CVar [[r.DistanceFieldAO:1]]
[2019.11.27-12.07.34:528][  0]LogConfig: Setting CVar [[r.AOQuality:2]]
[2019.11.27-12.07.34:528][  0]LogConfig: Setting CVar [[r.VolumetricFog:1]]
[2019.11.27-12.07.34:528][  0]LogConfig: Setting CVar [[r.VolumetricFog.GridPixelSize:8]]
[2019.11.27-12.07.34:528][  0]LogConfig: Setting CVar [[r.VolumetricFog.GridSizeZ:128]]
[2019.11.27-12.07.34:528][  0]LogConfig: Setting CVar [[r.VolumetricFog.HistoryMissSupersampleCount:4]]
[2019.11.27-12.07.34:528][  0]LogConfig: Setting CVar [[r.LightMaxDrawDistanceScale:1]]
[2019.11.27-12.07.34:528][  0]LogConfig: Setting CVar [[r.CapsuleShadows:1]]
[2019.11.27-12.07.34:528][  0]LogConfig: Applying CVar settings from Section [PostProcessQuality@3] File [E:/DAM_VIOD/Unreal/BPOW-master/BPOW-master/BPOW/Saved/Config/Windows/Scalability.ini]
[2019.11.27-12.07.34:528][  0]LogConfig: Setting CVar [[r.MotionBlurQuality:4]]
[2019.11.27-12.07.34:528][  0]LogConfig: Setting CVar [[r.AmbientOcclusionMipLevelFactor:0.4]]
[2019.11.27-12.07.34:528][  0]LogConfig: Setting CVar [[r.AmbientOcclusionMaxQuality:100]]
[2019.11.27-12.07.34:528][  0]LogConfig: Setting CVar [[r.AmbientOcclusionLevels:-1]]
[2019.11.27-12.07.34:528][  0]LogConfig: Setting CVar [[r.AmbientOcclusionRadiusScale:1.0]]
[2019.11.27-12.07.34:528][  0]LogConfig: Setting CVar [[r.DepthOfFieldQuality:2]]
[2019.11.27-12.07.34:528][  0]LogConfig: Setting CVar [[r.RenderTargetPoolMin:400]]
[2019.11.27-12.07.34:528][  0]LogConfig: Setting CVar [[r.LensFlareQuality:2]]
[2019.11.27-12.07.34:528][  0]LogConfig: Setting CVar [[r.SceneColorFringeQuality:1]]
[2019.11.27-12.07.34:528][  0]LogConfig: Setting CVar [[r.EyeAdaptationQuality:2]]
[2019.11.27-12.07.34:528][  0]LogConfig: Setting CVar [[r.BloomQuality:5]]
[2019.11.27-12.07.34:528][  0]LogConfig: Setting CVar [[r.FastBlurThreshold:100]]
[2019.11.27-12.07.34:529][  0]LogConfig: Setting CVar [[r.Upscale.Quality:3]]
[2019.11.27-12.07.34:529][  0]LogConfig: Setting CVar [[r.Tonemapper.GrainQuantization:1]]
[2019.11.27-12.07.34:529][  0]LogConfig: Setting CVar [[r.LightShaftQuality:1]]
[2019.11.27-12.07.34:529][  0]LogConfig: Setting CVar [[r.Filter.SizeScale:1]]
[2019.11.27-12.07.34:529][  0]LogConfig: Setting CVar [[r.Tonemapper.Quality:5]]
[2019.11.27-12.07.34:529][  0]LogConfig: Setting CVar [[r.DOF.Gather.AccumulatorQuality:1        ; higher gathering accumulator quality]]
[2019.11.27-12.07.34:529][  0]LogConfig: Setting CVar [[r.DOF.Gather.PostfilterMethod:1          ; Median3x3 postfilering method]]
[2019.11.27-12.07.34:529][  0]LogConfig: Setting CVar [[r.DOF.Gather.EnableBokehSettings:0       ; no bokeh simulation when gathering]]
[2019.11.27-12.07.34:529][  0]LogConfig: Setting CVar [[r.DOF.Gather.RingCount:4                 ; medium number of samples when gathering]]
[2019.11.27-12.07.34:529][  0]LogConfig: Setting CVar [[r.DOF.Scatter.ForegroundCompositing:1    ; additive foreground scattering]]
[2019.11.27-12.07.34:529][  0]LogConfig: Setting CVar [[r.DOF.Scatter.BackgroundCompositing:2    ; additive background scattering]]
[2019.11.27-12.07.34:529][  0]LogConfig: Setting CVar [[r.DOF.Scatter.EnableBokehSettings:1      ; bokeh simulation when scattering]]
[2019.11.27-12.07.34:529][  0]LogConfig: Setting CVar [[r.DOF.Scatter.MaxSpriteRatio:0.1         ; only a maximum of 10% of scattered bokeh]]
[2019.11.27-12.07.34:529][  0]LogConfig: Setting CVar [[r.DOF.Recombine.Quality:1                ; cheap slight out of focus]]
[2019.11.27-12.07.34:529][  0]LogConfig: Setting CVar [[r.DOF.Recombine.EnableBokehSettings:0    ; no bokeh simulation on slight out of focus]]
[2019.11.27-12.07.34:529][  0]LogConfig: Setting CVar [[r.DOF.TemporalAAQuality:1                ; more stable temporal accumulation]]
[2019.11.27-12.07.34:529][  0]LogConfig: Setting CVar [[r.DOF.Kernel.MaxForegroundRadius:0.025]]
[2019.11.27-12.07.34:529][  0]LogConfig: Setting CVar [[r.DOF.Kernel.MaxBackgroundRadius:0.025]]
[2019.11.27-12.07.34:529][  0]LogConfig: Applying CVar settings from Section [TextureQuality@3] File [E:/DAM_VIOD/Unreal/BPOW-master/BPOW-master/BPOW/Saved/Config/Windows/Scalability.ini]
[2019.11.27-12.07.34:529][  0]LogConfig: Setting CVar [[r.Streaming.MipBias:0]]
[2019.11.27-12.07.34:529][  0]LogConfig: Setting CVar [[r.Streaming.AmortizeCPUToGPUCopy:0]]
[2019.11.27-12.07.34:529][  0]LogConfig: Setting CVar [[r.Streaming.MaxNumTexturesToStreamPerFrame:0]]
[2019.11.27-12.07.34:529][  0]LogConfig: Setting CVar [[r.Streaming.Boost:1]]
[2019.11.27-12.07.34:529][  0]LogConfig: Setting CVar [[r.MaxAnisotropy:8]]
[2019.11.27-12.07.34:529][  0]LogConfig: Setting CVar [[r.Streaming.LimitPoolSizeToVRAM:0]]
[2019.11.27-12.07.34:529][  0]LogConfig: Setting CVar [[r.Streaming.PoolSize:1000]]
[2019.11.27-12.07.34:529][  0]LogConfig: Setting CVar [[r.Streaming.MaxEffectiveScreenSize:0]]
[2019.11.27-12.07.34:529][  0]LogConfig: Applying CVar settings from Section [EffectsQuality@3] File [E:/DAM_VIOD/Unreal/BPOW-master/BPOW-master/BPOW/Saved/Config/Windows/Scalability.ini]
[2019.11.27-12.07.34:529][  0]LogConfig: Setting CVar [[r.TranslucencyLightingVolumeDim:64]]
[2019.11.27-12.07.34:529][  0]LogConfig: Setting CVar [[r.RefractionQuality:2]]
[2019.11.27-12.07.34:529][  0]LogConfig: Setting CVar [[r.SSR.Quality:3]]
[2019.11.27-12.07.34:529][  0]LogConfig: Setting CVar [[r.SceneColorFormat:4]]
[2019.11.27-12.07.34:529][  0]LogConfig: Setting CVar [[r.DetailMode:2]]
[2019.11.27-12.07.34:529][  0]LogConfig: Setting CVar [[r.TranslucencyVolumeBlur:1]]
[2019.11.27-12.07.34:529][  0]LogConfig: Setting CVar [[r.MaterialQualityLevel:1 ; High quality]]
[2019.11.27-12.07.34:529][  0]LogConfig: Setting CVar [[r.SSS.Scale:1]]
[2019.11.27-12.07.34:529][  0]LogConfig: Setting CVar [[r.SSS.SampleSet:2]]
[2019.11.27-12.07.34:529][  0]LogConfig: Setting CVar [[r.SSS.Quality:1]]
[2019.11.27-12.07.34:529][  0]LogConfig: Setting CVar [[r.SSS.HalfRes:1]]
[2019.11.27-12.07.34:529][  0]LogConfig: Setting CVar [[r.EmitterSpawnRateScale:1.0]]
[2019.11.27-12.07.34:529][  0]LogConfig: Setting CVar [[r.ParticleLightQuality:2]]
[2019.11.27-12.07.34:529][  0]LogConfig: Applying CVar settings from Section [FoliageQuality@3] File [E:/DAM_VIOD/Unreal/BPOW-master/BPOW-master/BPOW/Saved/Config/Windows/Scalability.ini]
[2019.11.27-12.07.34:529][  0]LogConfig: Setting CVar [[foliage.DensityScale:1.0]]
[2019.11.27-12.07.34:529][  0]LogConfig: Setting CVar [[grass.DensityScale:1.0]]
[2019.11.27-12.07.34:529][  0]LogInit: Selected Device Profile: [Windows]
[2019.11.27-12.07.34:529][  0]LogInit: Applying CVar settings loaded from the selected device profile: [Windows]
[2019.11.27-12.07.34:630][  0]LogHAL: Display: Platform has ~ 16 GB [17117528064 / 17179869184 / 16], which maps to Larger [LargestMinGB=32, LargerMinGB=12, DefaultMinGB=8, SmallerMinGB=6, SmallestMinGB=0)
[2019.11.27-12.07.34:630][  0]LogConfig: Setting CVar [[r.Vulkan.UseRealUBs:0		; Required until we fix HLR fall-out]]
[2019.11.27-12.07.34:630][  0]LogInit: Going up to parent DeviceProfile []
[2019.11.27-12.07.34:630][  0]LogConfig: Applying CVar settings from Section [ViewDistanceQuality@3] File [E:/DAM_VIOD/Unreal/BPOW-master/BPOW-master/BPOW/Saved/Config/Windows/Scalability.ini]
[2019.11.27-12.07.34:630][  0]LogConfig: Setting CVar [[r.SkeletalMeshLODBias:0]]
[2019.11.27-12.07.34:630][  0]LogConfig: Setting CVar [[r.ViewDistanceScale:1.0]]
[2019.11.27-12.07.34:630][  0]LogConfig: Applying CVar settings from Section [AntiAliasingQuality@3] File [E:/DAM_VIOD/Unreal/BPOW-master/BPOW-master/BPOW/Saved/Config/Windows/Scalability.ini]
[2019.11.27-12.07.34:630][  0]LogConfig: Setting CVar [[r.PostProcessAAQuality:4]]
[2019.11.27-12.07.34:630][  0]LogConfig: Applying CVar settings from Section [ShadowQuality@3] File [E:/DAM_VIOD/Unreal/BPOW-master/BPOW-master/BPOW/Saved/Config/Windows/Scalability.ini]
[2019.11.27-12.07.34:630][  0]LogConfig: Setting CVar [[r.LightFunctionQuality:1]]
[2019.11.27-12.07.34:630][  0]LogConfig: Setting CVar [[r.ShadowQuality:5]]
[2019.11.27-12.07.34:630][  0]LogConfig: Setting CVar [[r.Shadow.CSM.MaxCascades:10]]
[2019.11.27-12.07.34:630][  0]LogConfig: Setting CVar [[r.Shadow.MaxResolution:2048]]
[2019.11.27-12.07.34:630][  0]LogConfig: Setting CVar [[r.Shadow.MaxCSMResolution:2048]]
[2019.11.27-12.07.34:630][  0]LogConfig: Setting CVar [[r.Shadow.RadiusThreshold:0.01]]
[2019.11.27-12.07.34:630][  0]LogConfig: Setting CVar [[r.Shadow.DistanceScale:1.0]]
[2019.11.27-12.07.34:630][  0]LogConfig: Setting CVar [[r.Shadow.CSM.TransitionScale:1.0]]
[2019.11.27-12.07.34:630][  0]LogConfig: Setting CVar [[r.Shadow.PreShadowResolutionFactor:1.0]]
[2019.11.27-12.07.34:630][  0]LogConfig: Setting CVar [[r.DistanceFieldShadowing:1]]
[2019.11.27-12.07.34:630][  0]LogConfig: Setting CVar [[r.DistanceFieldAO:1]]
[2019.11.27-12.07.34:630][  0]LogConfig: Setting CVar [[r.AOQuality:2]]
[2019.11.27-12.07.34:630][  0]LogConfig: Setting CVar [[r.VolumetricFog:1]]
[2019.11.27-12.07.34:630][  0]LogConfig: Setting CVar [[r.VolumetricFog.GridPixelSize:8]]
[2019.11.27-12.07.34:630][  0]LogConfig: Setting CVar [[r.VolumetricFog.GridSizeZ:128]]
[2019.11.27-12.07.34:630][  0]LogConfig: Setting CVar [[r.VolumetricFog.HistoryMissSupersampleCount:4]]
[2019.11.27-12.07.34:630][  0]LogConfig: Setting CVar [[r.LightMaxDrawDistanceScale:1]]
[2019.11.27-12.07.34:630][  0]LogConfig: Setting CVar [[r.CapsuleShadows:1]]
[2019.11.27-12.07.34:630][  0]LogConfig: Applying CVar settings from Section [PostProcessQuality@3] File [E:/DAM_VIOD/Unreal/BPOW-master/BPOW-master/BPOW/Saved/Config/Windows/Scalability.ini]
[2019.11.27-12.07.34:630][  0]LogConfig: Setting CVar [[r.MotionBlurQuality:4]]
[2019.11.27-12.07.34:630][  0]LogConfig: Setting CVar [[r.AmbientOcclusionMipLevelFactor:0.4]]
[2019.11.27-12.07.34:630][  0]LogConfig: Setting CVar [[r.AmbientOcclusionMaxQuality:100]]
[2019.11.27-12.07.34:630][  0]LogConfig: Setting CVar [[r.AmbientOcclusionLevels:-1]]
[2019.11.27-12.07.34:630][  0]LogConfig: Setting CVar [[r.AmbientOcclusionRadiusScale:1.0]]
[2019.11.27-12.07.34:630][  0]LogConfig: Setting CVar [[r.DepthOfFieldQuality:2]]
[2019.11.27-12.07.34:630][  0]LogConfig: Setting CVar [[r.RenderTargetPoolMin:400]]
[2019.11.27-12.07.34:630][  0]LogConfig: Setting CVar [[r.LensFlareQuality:2]]
[2019.11.27-12.07.34:630][  0]LogConfig: Setting CVar [[r.SceneColorFringeQuality:1]]
[2019.11.27-12.07.34:630][  0]LogConfig: Setting CVar [[r.EyeAdaptationQuality:2]]
[2019.11.27-12.07.34:630][  0]LogConfig: Setting CVar [[r.BloomQuality:5]]
[2019.11.27-12.07.34:630][  0]LogConfig: Setting CVar [[r.FastBlurThreshold:100]]
[2019.11.27-12.07.34:630][  0]LogConfig: Setting CVar [[r.Upscale.Quality:3]]
[2019.11.27-12.07.34:630][  0]LogConfig: Setting CVar [[r.Tonemapper.GrainQuantization:1]]
[2019.11.27-12.07.34:630][  0]LogConfig: Setting CVar [[r.LightShaftQuality:1]]
[2019.11.27-12.07.34:630][  0]LogConfig: Setting CVar [[r.Filter.SizeScale:1]]
[2019.11.27-12.07.34:630][  0]LogConfig: Setting CVar [[r.Tonemapper.Quality:5]]
[2019.11.27-12.07.34:630][  0]LogConfig: Setting CVar [[r.DOF.Gather.AccumulatorQuality:1        ; higher gathering accumulator quality]]
[2019.11.27-12.07.34:630][  0]LogConfig: Setting CVar [[r.DOF.Gather.PostfilterMethod:1          ; Median3x3 postfilering method]]
[2019.11.27-12.07.34:630][  0]LogConfig: Setting CVar [[r.DOF.Gather.EnableBokehSettings:0       ; no bokeh simulation when gathering]]
[2019.11.27-12.07.34:630][  0]LogConfig: Setting CVar [[r.DOF.Gather.RingCount:4                 ; medium number of samples when gathering]]
[2019.11.27-12.07.34:630][  0]LogConfig: Setting CVar [[r.DOF.Scatter.ForegroundCompositing:1    ; additive foreground scattering]]
[2019.11.27-12.07.34:630][  0]LogConfig: Setting CVar [[r.DOF.Scatter.BackgroundCompositing:2    ; additive background scattering]]
[2019.11.27-12.07.34:630][  0]LogConfig: Setting CVar [[r.DOF.Scatter.EnableBokehSettings:1      ; bokeh simulation when scattering]]
[2019.11.27-12.07.34:630][  0]LogConfig: Setting CVar [[r.DOF.Scatter.MaxSpriteRatio:0.1         ; only a maximum of 10% of scattered bokeh]]
[2019.11.27-12.07.34:631][  0]LogConfig: Setting CVar [[r.DOF.Recombine.Quality:1                ; cheap slight out of focus]]
[2019.11.27-12.07.34:631][  0]LogConfig: Setting CVar [[r.DOF.Recombine.EnableBokehSettings:0    ; no bokeh simulation on slight out of focus]]
[2019.11.27-12.07.34:631][  0]LogConfig: Setting CVar [[r.DOF.TemporalAAQuality:1                ; more stable temporal accumulation]]
[2019.11.27-12.07.34:631][  0]LogConfig: Setting CVar [[r.DOF.Kernel.MaxForegroundRadius:0.025]]
[2019.11.27-12.07.34:631][  0]LogConfig: Setting CVar [[r.DOF.Kernel.MaxBackgroundRadius:0.025]]
[2019.11.27-12.07.34:631][  0]LogConfig: Applying CVar settings from Section [TextureQuality@3] File [E:/DAM_VIOD/Unreal/BPOW-master/BPOW-master/BPOW/Saved/Config/Windows/Scalability.ini]
[2019.11.27-12.07.34:631][  0]LogConfig: Setting CVar [[r.Streaming.MipBias:0]]
[2019.11.27-12.07.34:631][  0]LogConfig: Setting CVar [[r.Streaming.AmortizeCPUToGPUCopy:0]]
[2019.11.27-12.07.34:631][  0]LogConfig: Setting CVar [[r.Streaming.MaxNumTexturesToStreamPerFrame:0]]
[2019.11.27-12.07.34:631][  0]LogConfig: Setting CVar [[r.Streaming.Boost:1]]
[2019.11.27-12.07.34:631][  0]LogConfig: Setting CVar [[r.MaxAnisotropy:8]]
[2019.11.27-12.07.34:631][  0]LogConfig: Setting CVar [[r.Streaming.LimitPoolSizeToVRAM:0]]
[2019.11.27-12.07.34:631][  0]LogConfig: Setting CVar [[r.Streaming.PoolSize:1000]]
[2019.11.27-12.07.34:631][  0]LogConfig: Setting CVar [[r.Streaming.MaxEffectiveScreenSize:0]]
[2019.11.27-12.07.34:631][  0]LogConfig: Applying CVar settings from Section [EffectsQuality@3] File [E:/DAM_VIOD/Unreal/BPOW-master/BPOW-master/BPOW/Saved/Config/Windows/Scalability.ini]
[2019.11.27-12.07.34:631][  0]LogConfig: Setting CVar [[r.TranslucencyLightingVolumeDim:64]]
[2019.11.27-12.07.34:631][  0]LogConfig: Setting CVar [[r.RefractionQuality:2]]
[2019.11.27-12.07.34:631][  0]LogConfig: Setting CVar [[r.SSR.Quality:3]]
[2019.11.27-12.07.34:631][  0]LogConfig: Setting CVar [[r.SceneColorFormat:4]]
[2019.11.27-12.07.34:631][  0]LogConfig: Setting CVar [[r.DetailMode:2]]
[2019.11.27-12.07.34:631][  0]LogConfig: Setting CVar [[r.TranslucencyVolumeBlur:1]]
[2019.11.27-12.07.34:631][  0]LogConfig: Setting CVar [[r.MaterialQualityLevel:1 ; High quality]]
[2019.11.27-12.07.34:631][  0]LogConfig: Setting CVar [[r.SSS.Scale:1]]
[2019.11.27-12.07.34:631][  0]LogConfig: Setting CVar [[r.SSS.SampleSet:2]]
[2019.11.27-12.07.34:631][  0]LogConfig: Setting CVar [[r.SSS.Quality:1]]
[2019.11.27-12.07.34:631][  0]LogConfig: Setting CVar [[r.SSS.HalfRes:1]]
[2019.11.27-12.07.34:631][  0]LogConfig: Setting CVar [[r.EmitterSpawnRateScale:1.0]]
[2019.11.27-12.07.34:631][  0]LogConfig: Setting CVar [[r.ParticleLightQuality:2]]
[2019.11.27-12.07.34:631][  0]LogConfig: Applying CVar settings from Section [FoliageQuality@3] File [E:/DAM_VIOD/Unreal/BPOW-master/BPOW-master/BPOW/Saved/Config/Windows/Scalability.ini]
[2019.11.27-12.07.34:631][  0]LogConfig: Setting CVar [[foliage.DensityScale:1.0]]
[2019.11.27-12.07.34:631][  0]LogConfig: Setting CVar [[grass.DensityScale:1.0]]
[2019.11.27-12.07.34:631][  0]LogConfig: Applying CVar settings from Section [Startup] File [../../../Engine/Config/ConsoleVariables.ini]
[2019.11.27-12.07.34:631][  0]LogConfig: Setting CVar [[net.UseAdaptiveNetUpdateFrequency:0]]
[2019.11.27-12.07.34:631][  0]LogConfig: Setting CVar [[p.chaos.AllowCreatePhysxBodies:1]]
[2019.11.27-12.07.34:631][  0]LogConfig: Applying CVar settings from Section [ConsoleVariables] File [E:/DAM_VIOD/Unreal/BPOW-master/BPOW-master/BPOW/Saved/Config/Windows/Engine.ini]
[2019.11.27-12.07.34:631][  0]LogInit: Computer: DESKTOP-GDUFDVK
[2019.11.27-12.07.34:631][  0]LogInit: User: user
[2019.11.27-12.07.34:631][  0]LogInit: CPU Page size=4096, Cores=4
[2019.11.27-12.07.34:631][  0]LogInit: High frequency timer resolution =10.000000 MHz
[2019.11.27-12.07.34:632][  0]LogMemory: Memory total: Physical=15.9GB (16GB approx)
[2019.11.27-12.07.34:632][  0]LogMemory: Platform Memory Stats for Windows
[2019.11.27-12.07.34:632][  0]LogMemory: Process Physical Memory: 96.90 MB used, 127.64 MB peak
[2019.11.27-12.07.34:632][  0]LogMemory: Process Virtual Memory: 91.86 MB used, 105.09 MB peak
[2019.11.27-12.07.34:632][  0]LogMemory: Physical Memory: 4324.48 MB used,  12000.06 MB free, 16324.55 MB total
[2019.11.27-12.07.34:632][  0]LogMemory: Virtual Memory: 4634.34 MB used,  134213096.00 MB free, 134217728.00 MB total
[2019.11.27-12.07.34:652][  0]LogInit: Overriding language with editor language configuration option (en).
[2019.11.27-12.07.34:652][  0]LogInit: Overriding locale with editor locale configuration option (en).
[2019.11.27-12.07.34:811][  0]LogInit: Setting process to per monitor DPI aware
[2019.11.27-12.07.34:883][  0]LogSlate: New Slate User Created.  User Index 0, Is Virtual User: 0
[2019.11.27-12.07.34:883][  0]LogSlate: Slate User Registered.  User Index 0, Is Virtual User: 0
[2019.11.27-12.07.35:083][  0]LogHMD: Failed to initialize OpenVR with code 110
[2019.11.27-12.07.35:083][  0]LogD3D11RHI: D3D11 adapters:
[2019.11.27-12.07.35:144][  0]LogD3D11RHI:    0. 'NVIDIA GeForce GTX 970' (Feature Level 11_0)
[2019.11.27-12.07.35:144][  0]LogD3D11RHI:       4043/0/8162 MB DedicatedVideo/DedicatedSystem/SharedSystem, Outputs:1, VendorId:0x10de
[2019.11.27-12.07.35:146][  0]LogD3D11RHI:    1. 'Microsoft Basic Render Driver' (Feature Level 11_0)
[2019.11.27-12.07.35:146][  0]LogD3D11RHI:       0/0/8162 MB DedicatedVideo/DedicatedSystem/SharedSystem, Outputs:0, VendorId:0x1414
[2019.11.27-12.07.35:146][  0]LogD3D11RHI: Chosen D3D11 Adapter: 0
[2019.11.27-12.07.35:152][  0]LogD3D11RHI: Creating new Direct3DDevice
[2019.11.27-12.07.35:152][  0]LogD3D11RHI:     GPU DeviceId: 0x13c2 (for the marketing name, search the web for "GPU Device Id")
[2019.11.27-12.07.35:152][  0]LogWindows: EnumDisplayDevices:
[2019.11.27-12.07.35:152][  0]LogWindows:    0. 'NVIDIA GeForce GTX 970' (P:1 D:1)
[2019.11.27-12.07.35:153][  0]LogWindows:    1. 'NVIDIA GeForce GTX 970' (P:0 D:0)
[2019.11.27-12.07.35:153][  0]LogWindows:    2. 'NVIDIA GeForce GTX 970' (P:0 D:0)
[2019.11.27-12.07.35:153][  0]LogWindows:    3. 'NVIDIA GeForce GTX 970' (P:0 D:0)
[2019.11.27-12.07.35:153][  0]LogWindows: DebugString: FoundDriverCount:4 
[2019.11.27-12.07.35:154][  0]LogD3D11RHI:     Adapter Name: NVIDIA GeForce GTX 970
[2019.11.27-12.07.35:154][  0]LogD3D11RHI:   Driver Version: 436.30 (internal:26.21.14.3630, unified:436.30)
[2019.11.27-12.07.35:154][  0]LogD3D11RHI:      Driver Date: 9-5-2019
[2019.11.27-12.07.35:154][  0]LogRHI: Texture pool is 2830 MB (70% of 4043 MB)
[2019.11.27-12.07.35:191][  0]LogD3D11RHI: Async texture creation enabled
[2019.11.27-12.07.35:199][  0]LogRendererCore: FGlobalReadBuffer::InitRHI
[2019.11.27-12.07.35:199][  0]LogRendererCore: FGlobalReadBuffer::InitRHI
[2019.11.27-12.07.35:199][  0]LogRendererCore: FGlobalReadBuffer::InitRHI
[2019.11.27-12.07.35:207][  0]LogD3D11RHI: GPU Timing Frequency: 1000.000000 (Debug: 2 1)
[2019.11.27-12.07.35:527][  0]LogTemp: Display: Module 'AllDesktopTargetPlatform' loaded TargetPlatform 'AllDesktop'
[2019.11.27-12.07.35:541][  0]LogTemp: Display: Module 'MacClientTargetPlatform' loaded TargetPlatform 'MacClient'
[2019.11.27-12.07.35:553][  0]LogTemp: Display: Module 'MacNoEditorTargetPlatform' loaded TargetPlatform 'MacNoEditor'
[2019.11.27-12.07.35:566][  0]LogTemp: Display: Module 'MacServerTargetPlatform' loaded TargetPlatform 'MacServer'
[2019.11.27-12.07.35:579][  0]LogTemp: Display: Module 'MacTargetPlatform' loaded TargetPlatform 'Mac'
[2019.11.27-12.07.35:592][  0]LogTemp: Display: Module 'WindowsClientTargetPlatform' loaded TargetPlatform 'WindowsClient'
[2019.11.27-12.07.35:603][  0]LogTemp: Display: Module 'WindowsNoEditorTargetPlatform' loaded TargetPlatform 'WindowsNoEditor'
[2019.11.27-12.07.35:616][  0]LogTemp: Display: Module 'WindowsServerTargetPlatform' loaded TargetPlatform 'WindowsServer'
[2019.11.27-12.07.35:623][  0]LogTemp: Display: Module 'WindowsTargetPlatform' loaded TargetPlatform 'Windows'
[2019.11.27-12.07.35:696][  0]LogTemp: Display: Module 'AndroidTargetPlatform' loaded TargetPlatform 'Android'
[2019.11.27-12.07.35:696][  0]LogTemp: Display: Module 'AndroidTargetPlatform' loaded TargetPlatform 'Android_ASTC'
[2019.11.27-12.07.35:696][  0]LogTemp: Display: Module 'AndroidTargetPlatform' loaded TargetPlatform 'Android_ATC'
[2019.11.27-12.07.35:696][  0]LogTemp: Display: Module 'AndroidTargetPlatform' loaded TargetPlatform 'Android_DXT'
[2019.11.27-12.07.35:696][  0]LogTemp: Display: Module 'AndroidTargetPlatform' loaded TargetPlatform 'Android_ETC1'
[2019.11.27-12.07.35:696][  0]LogTemp: Display: Module 'AndroidTargetPlatform' loaded TargetPlatform 'Android_ETC1a'
[2019.11.27-12.07.35:696][  0]LogTemp: Display: Module 'AndroidTargetPlatform' loaded TargetPlatform 'Android_ETC2'
[2019.11.27-12.07.35:696][  0]LogTemp: Display: Module 'AndroidTargetPlatform' loaded TargetPlatform 'Android_PVRTC'
[2019.11.27-12.07.35:696][  0]LogTemp: Display: Module 'AndroidTargetPlatform' loaded TargetPlatform 'AndroidClient'
[2019.11.27-12.07.35:696][  0]LogTemp: Display: Module 'AndroidTargetPlatform' loaded TargetPlatform 'Android_ASTCClient'
[2019.11.27-12.07.35:696][  0]LogTemp: Display: Module 'AndroidTargetPlatform' loaded TargetPlatform 'Android_ATCClient'
[2019.11.27-12.07.35:696][  0]LogTemp: Display: Module 'AndroidTargetPlatform' loaded TargetPlatform 'Android_DXTClient'
[2019.11.27-12.07.35:696][  0]LogTemp: Display: Module 'AndroidTargetPlatform' loaded TargetPlatform 'Android_ETC1Client'
[2019.11.27-12.07.35:696][  0]LogTemp: Display: Module 'AndroidTargetPlatform' loaded TargetPlatform 'Android_ETC1aClient'
[2019.11.27-12.07.35:696][  0]LogTemp: Display: Module 'AndroidTargetPlatform' loaded TargetPlatform 'Android_ETC2Client'
[2019.11.27-12.07.35:696][  0]LogTemp: Display: Module 'AndroidTargetPlatform' loaded TargetPlatform 'Android_PVRTCClient'
[2019.11.27-12.07.35:696][  0]LogTemp: Display: Module 'AndroidTargetPlatform' loaded TargetPlatform 'Android_Multi'
[2019.11.27-12.07.35:696][  0]LogTemp: Display: Module 'AndroidTargetPlatform' loaded TargetPlatform 'Android_MultiClient'
[2019.11.27-12.07.35:697][  0]LogTemp: Display: Module 'HTML5TargetPlatform' loaded TargetPlatform 'HTML5'
[2019.11.27-12.07.35:743][  0]LogTemp: Display: Module 'IOSTargetPlatform' loaded TargetPlatform 'IOSClient'
[2019.11.27-12.07.35:743][  0]LogTemp: Display: Module 'IOSTargetPlatform' loaded TargetPlatform 'IOS'
[2019.11.27-12.07.35:765][  0]LogTemp: Display: Module 'TVOSTargetPlatform' loaded TargetPlatform 'TVOSClient'
[2019.11.27-12.07.35:765][  0]LogTemp: Display: Module 'TVOSTargetPlatform' loaded TargetPlatform 'TVOS'
[2019.11.27-12.07.35:777][  0]LogTemp: Display: Module 'LinuxClientTargetPlatform' loaded TargetPlatform 'LinuxClient'
[2019.11.27-12.07.35:789][  0]LogTemp: Display: Module 'LinuxNoEditorTargetPlatform' loaded TargetPlatform 'LinuxNoEditor'
[2019.11.27-12.07.35:800][  0]LogTemp: Display: Module 'LinuxServerTargetPlatform' loaded TargetPlatform 'LinuxServer'
[2019.11.27-12.07.35:812][  0]LogTemp: Display: Module 'LinuxTargetPlatform' loaded TargetPlatform 'Linux'
[2019.11.27-12.07.35:855][  0]LogTemp: Display: Module 'LuminTargetPlatform' loaded TargetPlatform 'Lumin'
[2019.11.27-12.07.35:855][  0]LogTemp: Display: Module 'LuminTargetPlatform' loaded TargetPlatform 'LuminClient'
[2019.11.27-12.07.35:855][  0]LogTargetPlatformManager: Display: Building Assets For Windows
[2019.11.27-12.07.35:862][  0]LogAudioDebug: Display: Lib vorbis DLL was dynamically loaded.
[2019.11.27-12.07.35:898][  0]LogShaderCompilers: Guid format shader working directory is -2 characters bigger than the processId version (E:/DAM_VIOD/Unreal/BPOW-master/BPOW-master/BPOW/Intermediate/Shaders/WorkingDirectory/8420/).
[2019.11.27-12.07.35:899][  0]LogShaderCompilers: Cleaned the shader compiler working directory 'C:/Users/user/AppData/Local/Temp/UnrealShaderWorkingDir/2918188B4EAAC69E7607F39377E5D62F/'.
[2019.11.27-12.07.35:900][  0]LogXGEController: Cannot use XGE Controller as Incredibuild is not installed on this machine.
[2019.11.27-12.07.35:900][  0]LogShaderCompilers: Cannot use XGE Shader Compiler as Incredibuild is not installed on this machine.
[2019.11.27-12.07.35:900][  0]LogShaderCompilers: Display: Using Local Shader Compiler.
[2019.11.27-12.07.36:441][  0]LogDerivedDataCache: Display: Max Cache Size: 512 MB
[2019.11.27-12.07.36:486][  0]LogDerivedDataCache: Loaded boot cache 0.04s 71MB C:/Users/user/AppData/Local/UnrealEngine/4.22/DerivedDataCache/Boot.ddc.
[2019.11.27-12.07.36:486][  0]LogDerivedDataCache: Display: Loaded Boot cache: C:/Users/user/AppData/Local/UnrealEngine/4.22/DerivedDataCache/Boot.ddc
[2019.11.27-12.07.36:486][  0]LogDerivedDataCache: FDerivedDataBackendGraph:  Pak pak cache file E:/DAM_VIOD/Unreal/BPOW-master/BPOW-master/BPOW/DerivedDataCache/DDC.ddp not found, will not use a pak cache.
[2019.11.27-12.07.36:486][  0]LogDerivedDataCache: Unable to find inner node Pak for hierarchical cache Hierarchy.
[2019.11.27-12.07.36:486][  0]LogDerivedDataCache: FDerivedDataBackendGraph:  CompressedPak pak cache file E:/DAM_VIOD/Unreal/BPOW-master/BPOW-master/BPOW/DerivedDataCache/Compressed.ddp not found, will not use a pak cache.
[2019.11.27-12.07.36:486][  0]LogDerivedDataCache: Unable to find inner node CompressedPak for hierarchical cache Hierarchy.
[2019.11.27-12.07.36:498][  0]LogDerivedDataCache: Display: Pak cache opened for reading ../../../Engine/DerivedDataCache/Compressed.ddp.
[2019.11.27-12.07.36:498][  0]LogDerivedDataCache: FDerivedDataBackendGraph:  EnterprisePak pak cache file ../../../Enterprise/DerivedDataCache/Compressed.ddp not found, will not use a pak cache.
[2019.11.27-12.07.36:498][  0]LogDerivedDataCache: Unable to find inner node EnterprisePak for hierarchical cache Hierarchy.
[2019.11.27-12.07.36:510][  0]LogDerivedDataCache: Using Local data cache path C:/Users/user/AppData/Local/UnrealEngine/Common/DerivedDataCache: Writable
[2019.11.27-12.07.36:510][  0]LogDerivedDataCache: Shared data cache path not found in *engine.ini, will not use an Shared cache.
[2019.11.27-12.07.36:510][  0]LogDerivedDataCache: Unable to find inner node Shared for hierarchical cache Hierarchy.
[2019.11.27-12.07.36:533][  0]LogMaterial: Verifying Global Shaders for PCD3D_SM5
[2019.11.27-12.07.36:534][  0]LogSlate: Using FreeType 2.6.0
[2019.11.27-12.07.36:535][  0]LogSlate: SlateFontServices - WITH_FREETYPE: 1, WITH_HARFBUZZ: 1
[2019.11.27-12.07.36:623][  0]LogAssetRegistry: FAssetRegistry took 0.0333 seconds to start up
[2019.11.27-12.07.36:976][  0]LogInit: Selected Device Profile: [Windows]
[2019.11.27-12.07.37:028][  0]LogMeshReduction: Using QuadricMeshReduction for automatic static mesh reduction
[2019.11.27-12.07.37:028][  0]LogMeshReduction: Using SimplygonMeshReduction for automatic skeletal mesh reduction
[2019.11.27-12.07.37:028][  0]LogMeshReduction: Using ProxyLODMeshReduction for automatic mesh merging
[2019.11.27-12.07.37:028][  0]LogMeshReduction: No distributed automatic mesh merging module available
[2019.11.27-12.07.37:028][  0]LogMeshMerging: No distributed automatic mesh merging module available
[2019.11.27-12.07.37:115][  0]LogNetVersion: BPOW 1.0.0, NetCL: 5660361, EngineNetVer: 10, GameNetVer: 0 (Checksum: 1085844810)
[2019.11.27-12.08.13:558][  0]LogPackageLocalizationCache: Processed 10 localized package path(s) for 1 prioritized culture(s) in 36.066942 seconds
[2019.11.27-12.08.13:575][  0]LogUObjectArray: 42205 objects as part of root set at end of initial load.
[2019.11.27-12.08.13:576][  0]LogUObjectAllocator: 7325032 out of 0 bytes used by permanent object pool.
[2019.11.27-12.08.13:576][  0]LogUObjectArray: CloseDisregardForGC: 0/0 objects in disregard for GC pool
[2019.11.27-12.08.14:427][  0]LogTcpMessaging: Initializing TcpMessaging bridge
[2019.11.27-12.08.14:440][  0]LogUdpMessaging: Initializing bridge on interface 0.0.0.0:0 to multicast group 230.0.0.1:6666.
[2019.11.27-12.08.14:553][  0]SourceControl: Source control is disabled
[2019.11.27-12.08.14:553][  0]SourceControl: Source control is disabled
[2019.11.27-12.08.14:554][  0]SourceControl: Source control is disabled
[2019.11.27-12.08.14:555][  0]SourceControl: Source control is disabled
[2019.11.27-12.08.14:640][  0]LogAndroidPermission: UAndroidPermissionCallbackProxy::GetInstance
[2019.11.27-12.08.14:738][  0]LogOcInput: OculusInput pre-init called
[2019.11.27-12.08.15:447][  0]LogEngine: Initializing Engine...
[2019.11.27-12.08.15:448][  0]LogHMD: Failed to initialize OpenVR with code 110
[2019.11.27-12.08.15:449][  0]LogStats: UGameplayTagsManager::InitializeManager -  0.000 s
[2019.11.27-12.08.15:643][  0]LogInit: Initializing FReadOnlyCVARCache
[2019.11.27-12.08.15:652][  0]LogAIModule: Creating AISystem for world Untitled
[2019.11.27-12.08.15:702][  0]LogInit: XAudio2 using 'Altavoces (Logitech G430 Gaming Headset)' : 2 channels at 48 kHz using 16 bits per sample (channel mask 0x3)
[2019.11.27-12.08.15:728][  0]LogInit: FAudioDevice initialized.
[2019.11.27-12.08.15:728][  0]LogNetVersion: Set ProjectVersion to 1.0.0.0. Version Checksum will be recalculated on next use.
[2019.11.27-12.08.15:803][  0]LogDerivedDataCache: Saved boot cache 0.07s 71MB C:/Users/user/AppData/Local/UnrealEngine/4.22/DerivedDataCache/Boot.ddc.
[2019.11.27-12.08.15:807][  0]LogInit: Texture streaming: Enabled
[2019.11.27-12.08.15:818][  0]LogEngineSessionManager: EngineSessionManager initialized
[2019.11.27-12.08.15:855][  0]LogInit: Transaction tracking system initialized
[2019.11.27-12.08.15:870][  0]BlueprintLog: New page: Editor Load
[2019.11.27-12.08.15:940][  0]LocalizationService: Localization service is disabled
[2019.11.27-12.08.16:270][  0]LogFileCache: Scanning file cache for directory 'E:/DAM_VIOD/Unreal/BPOW-master/BPOW-master/BPOW/Content/' took 0.02s
[2019.11.27-12.08.16:270][  0]LogCook: Display: Max memory allowance for cook 16384mb min free memory 0mb
[2019.11.27-12.08.16:270][  0]LogCook: Display: Mobile HDR setting 1
[2019.11.27-12.08.16:433][  0]SourceControl: Source control is disabled
[2019.11.27-12.08.16:433][  0]Cmd: MAP LOAD FILE="E:/DAM_VIOD/Unreal/BPOW-master/BPOW-master/BPOW/Content/FirstPersonBP/Maps/FirstPersonExampleMap.umap" TEMPLATE=0 SHOWPROGRESS=1 FEATURELEVEL=3
[2019.11.27-12.08.16:433][  0]LightingResults: New page: Lighting Build
[2019.11.27-12.08.16:435][  0]MapCheck: New page: Map Check
[2019.11.27-12.08.16:435][  0]LightingResults: New page: Lighting Build
[2019.11.27-12.08.16:456][  0]LogUObjectHash: Compacting FUObjectHashTables data took   1.39ms
[2019.11.27-12.08.17:519][  0]LogLinker: Warning: The file 'E:/DAM_VIOD/Unreal/BPOW-master/BPOW-master/BPOW/Content/FirstPersonBP/Blueprints/Abilities/Mccree/Roll.uasset' contains unrecognizable data, check that it is of the expected type.
[2019.11.27-12.08.17:519][  0]LogLinker: Warning: The file 'E:/DAM_VIOD/Unreal/BPOW-master/BPOW-master/BPOW/Content/FirstPersonBP/Blueprints/Abilities/Mccree/Roll.uasset' contains unrecognizable data, check that it is of the expected type.
[2019.11.27-12.08.17:759][  0]LogLinker: Warning: The file 'E:/DAM_VIOD/Unreal/BPOW-master/BPOW-master/BPOW/Content/FirstPersonBP/Blueprints/Abilities/Mccree/Roll.uasset' contains unrecognizable data, check that it is of the expected type.
[2019.11.27-12.08.17:759][  0]LogLinker: Warning: The file 'E:/DAM_VIOD/Unreal/BPOW-master/BPOW-master/BPOW/Content/FirstPersonBP/Blueprints/Abilities/Mccree/Roll.uasset' contains unrecognizable data, check that it is of the expected type.
[2019.11.27-12.08.17:832][  0]LogLinker: Warning: The file 'E:/DAM_VIOD/Unreal/BPOW-master/BPOW-master/BPOW/Content/FirstPersonBP/Blueprints/Abilities/Mccree/Roll.uasset' contains unrecognizable data, check that it is of the expected type.
[2019.11.27-12.08.17:832][  0]LogLinker: Warning: The file 'E:/DAM_VIOD/Unreal/BPOW-master/BPOW-master/BPOW/Content/FirstPersonBP/Blueprints/Abilities/Mccree/Roll.uasset' contains unrecognizable data, check that it is of the expected type.
[2019.11.27-12.08.19:067][  0]LogAIModule: Creating AISystem for world FirstPersonExampleMap
[2019.11.27-12.08.19:084][  0]LogEditorServer: Finished looking for orphan Actors (0.000 secs)
[2019.11.27-12.08.19:111][  0]LogUObjectHash: Compacting FUObjectHashTables data took   2.40ms
[2019.11.27-12.08.19:111][  0]Cmd: MAP CHECKDEP NOCLEARLOG
[2019.11.27-12.08.19:112][  0]MapCheck: Map check complete: 0 Error(s), 0 Warning(s), took 0.103ms to complete.
[2019.11.27-12.08.19:112][  0]LogFileHelpers: Loading map 'FirstPersonExampleMap' took 2.679
[2019.11.27-12.08.19:540][  0]LogSlate: Updating window title bar state: overlay mode, drag disabled, window buttons hidden, title bar hidden
[2019.11.27-12.08.19:552][  0]LogSlate: Updating window title bar state: overlay mode, drag disabled, window buttons hidden, title bar hidden
[2019.11.27-12.08.19:562][  0]LogSlate: Updating window title bar state: overlay mode, drag disabled, window buttons hidden, title bar hidden
[2019.11.27-12.08.19:569][  0]LogSlate: Updating window title bar state: overlay mode, drag disabled, window buttons hidden, title bar hidden
[2019.11.27-12.08.19:581][  0]LogCollectionManager: Loaded 0 collections in 0.002932 seconds
[2019.11.27-12.08.19:648][  0]LogFileCache: Scanning file cache for directory 'E:/DAM_VIOD/Unreal/BPOW-master/BPOW-master/BPOW/Saved/Collections/' took 0.01s
[2019.11.27-12.08.19:648][  0]LogFileCache: Scanning file cache for directory 'E:/DAM_VIOD/Unreal/BPOW-master/BPOW-master/BPOW/Content/Developers/user/Collections/' took 0.00s
[2019.11.27-12.08.19:648][  0]LogFileCache: Scanning file cache for directory 'E:/DAM_VIOD/Unreal/BPOW-master/BPOW-master/BPOW/Content/Collections/' took 0.00s
[2019.11.27-12.08.19:648][  0]LogCollectionManager: Rebuilt the GUID cache for 0 collections in 0.000000 seconds
[2019.11.27-12.08.19:656][  0]LogContentBrowser: Native class hierarchy populated in 0.0080 seconds. Added 2732 classes and 659 folders.
[2019.11.27-12.08.19:685][  0]LogContentBrowser: Native class hierarchy updated for 'WidgetCarousel' in 0.0002 seconds. Added 0 classes and 0 folders.
[2019.11.27-12.08.19:707][  0]LogPakFile: Registered encryption key '00000000000000000000000000000000': 0 pak files mounted, 0 remain pending
[2019.11.27-12.08.19:782][  0]LogPakFile: Registered encryption key '00000000000000000000000000000000': 0 pak files mounted, 0 remain pending
[2019.11.27-12.08.19:833][  0]LogPakFile: Registered encryption key '00000000000000000000000000000000': 0 pak files mounted, 0 remain pending
[2019.11.27-12.08.19:844][  0]LogPakFile: Registered encryption key '00000000000000000000000000000000': 0 pak files mounted, 0 remain pending
[2019.11.27-12.08.19:854][  0]LogPakFile: Registered encryption key '00000000000000000000000000000000': 0 pak files mounted, 0 remain pending
[2019.11.27-12.08.19:863][  0]LogPakFile: Registered encryption key '00000000000000000000000000000000': 0 pak files mounted, 0 remain pending
[2019.11.27-12.08.19:870][  0]LogPakFile: Registered encryption key '00000000000000000000000000000000': 0 pak files mounted, 0 remain pending
[2019.11.27-12.08.19:877][  0]LogPakFile: Registered encryption key '00000000000000000000000000000000': 0 pak files mounted, 0 remain pending
[2019.11.27-12.08.19:885][  0]LogPakFile: Registered encryption key '00000000000000000000000000000000': 0 pak files mounted, 0 remain pending
[2019.11.27-12.08.19:893][  0]LogPakFile: Registered encryption key '00000000000000000000000000000000': 0 pak files mounted, 0 remain pending
[2019.11.27-12.08.19:898][  0]LogPakFile: Registered encryption key '00000000000000000000000000000000': 0 pak files mounted, 0 remain pending
[2019.11.27-12.08.19:904][  0]LogPakFile: Registered encryption key '00000000000000000000000000000000': 0 pak files mounted, 0 remain pending
[2019.11.27-12.08.19:910][  0]LogPakFile: Registered encryption key '00000000000000000000000000000000': 0 pak files mounted, 0 remain pending
[2019.11.27-12.08.19:916][  0]LogPakFile: Registered encryption key '00000000000000000000000000000000': 0 pak files mounted, 0 remain pending
[2019.11.27-12.08.19:921][  0]LogPakFile: Registered encryption key '00000000000000000000000000000000': 0 pak files mounted, 0 remain pending
[2019.11.27-12.08.19:934][  0]LogPakFile: Registered encryption key '00000000000000000000000000000000': 0 pak files mounted, 0 remain pending
[2019.11.27-12.08.19:961][  0]LogPakFile: Registered encryption key '00000000000000000000000000000000': 0 pak files mounted, 0 remain pending
[2019.11.27-12.08.19:966][  0]LogPakFile: Registered encryption key '00000000000000000000000000000000': 0 pak files mounted, 0 remain pending
[2019.11.27-12.08.19:972][  0]LogPakFile: Registered encryption key '00000000000000000000000000000000': 0 pak files mounted, 0 remain pending
[2019.11.27-12.08.19:977][  0]LogPakFile: Registered encryption key '00000000000000000000000000000000': 0 pak files mounted, 0 remain pending
[2019.11.27-12.08.19:983][  0]LogPakFile: Registered encryption key '00000000000000000000000000000000': 0 pak files mounted, 0 remain pending
[2019.11.27-12.08.19:989][  0]LogPakFile: Registered encryption key '00000000000000000000000000000000': 0 pak files mounted, 0 remain pending
[2019.11.27-12.08.19:994][  0]LogPakFile: Registered encryption key '00000000000000000000000000000000': 0 pak files mounted, 0 remain pending
[2019.11.27-12.08.20:000][  0]LogPakFile: Registered encryption key '00000000000000000000000000000000': 0 pak files mounted, 0 remain pending
[2019.11.27-12.08.20:006][  0]LogPakFile: Registered encryption key '00000000000000000000000000000000': 0 pak files mounted, 0 remain pending
[2019.11.27-12.08.20:012][  0]LogPakFile: Registered encryption key '00000000000000000000000000000000': 0 pak files mounted, 0 remain pending
[2019.11.27-12.08.20:598][  0]LogContentBrowser: Native class hierarchy updated for 'AddContentDialog' in 0.0007 seconds. Added 0 classes and 0 folders.
[2019.11.27-12.08.20:658][  0]LogContentBrowser: Native class hierarchy updated for 'SceneOutliner' in 0.0005 seconds. Added 1 classes and 2 folders.
[2019.11.27-12.08.20:989][  0]LogSlate: Took 0.000631 seconds to synchronously load lazily loaded font '../../../Engine/Content/Slate/Fonts/Roboto-Regular.ttf' (155K)
[2019.11.27-12.08.20:995][  0]LogSlate: Took 0.000588 seconds to synchronously load lazily loaded font '../../../Engine/Content/Slate/Fonts/Roboto-Bold.ttf' (160K)
[2019.11.27-12.08.21:046][  0]LogSlate: Took 0.023908 seconds to synchronously load lazily loaded font '../../../Engine/Content/Editor/Slate/Fonts/FontAwesome.ttf' (139K)
[2019.11.27-12.08.21:314][  0]LogRenderer: Reallocating scene render targets to support 1208x572 Format 10 NumSamples 1 (Frame:1).
[2019.11.27-12.08.21:549][  0]LogContentBrowser: Native class hierarchy updated for 'HierarchicalLODOutliner' in 0.0002 seconds. Added 0 classes and 0 folders.
[2019.11.27-12.08.21:549][  0]LogLoad: (Engine Initialization) Total time: 66.21 seconds
[2019.11.27-12.08.21:549][  0]LogLoad: (Engine Initialization) Total Blueprint compile time: 0.00 seconds
[2019.11.27-12.08.21:586][  0]LogAssetRegistry: Asset discovery search completed in 44.9856 seconds
[2019.11.27-12.08.21:588][  0]LogCollectionManager: Rebuilt the object cache for 0 collections in 0.000000 seconds (found 0 objects)
[2019.11.27-12.08.21:588][  0]LogCollectionManager: Fixed up redirectors for 0 collections in 0.000077 seconds (updated 0 objects)
[2019.11.27-12.08.21:597][  0]LogContentStreaming: Texture pool size now 1000 MB
[2019.11.27-12.08.21:678][  0]LogSlate: Took 0.017942 seconds to synchronously load lazily loaded font '../../../Engine/Content/Slate/Fonts/Roboto-Light.ttf' (167K)
[2019.11.27-12.08.22:620][ 98]LogSlate: Took 0.000383 seconds to synchronously load lazily loaded font '../../../Engine/Content/Slate/Fonts/Roboto-Light.ttf' (167K)
[2019.11.27-12.10.10:490][505]LogSlate: FSceneViewport::OnFocusLost() reason 0
[2019.11.27-12.10.12:008][683]LogTemp: Repeating last play command: New Editor Window (PIE)
[2019.11.27-12.10.12:062][683]LogBlueprintUserMessages: Early PlayInEditor Detection: Level '/Game/FirstPersonBP/Maps/FirstPersonExampleMap.FirstPersonExampleMap:PersistentLevel' has LevelScriptBlueprint '/Game/FirstPersonBP/Maps/FirstPersonExampleMap.FirstPersonExampleMap:PersistentLevel.FirstPersonExampleMap' with GeneratedClass '/Game/FirstPersonBP/Maps/FirstPersonExampleMap.FirstPersonExampleMap_C' with ClassGeneratedBy '/Game/FirstPersonBP/Maps/FirstPersonExampleMap.FirstPersonExampleMap:PersistentLevel.FirstPersonExampleMap'
[2019.11.27-12.10.12:062][683]LogPlayLevel: PlayLevel: No blueprints needed recompiling
[2019.11.27-12.10.12:702][683]PIE: New page: PIE session: FirstPersonExampleMap (Nov 27, 2019, 2:10:12 PM)
[2019.11.27-12.10.12:763][683]LogPlayLevel: Creating play world package: /Game/FirstPersonBP/Maps/UEDPIE_0_FirstPersonExampleMap
[2019.11.27-12.10.12:782][683]LogPlayLevel: PIE: StaticDuplicateObject took: (0.017864s)
[2019.11.27-12.10.12:783][683]LogAIModule: Creating AISystem for world FirstPersonExampleMap
[2019.11.27-12.10.12:783][683]LogPlayLevel: PIE: World Init took: (0.001320s)
[2019.11.27-12.10.12:783][683]LogPlayLevel: PIE: Created PIE world by copying editor world from /Game/FirstPersonBP/Maps/FirstPersonExampleMap.FirstPersonExampleMap to /Game/FirstPersonBP/Maps/UEDPIE_0_FirstPersonExampleMap.FirstPersonExampleMap (0.019516s)
[2019.11.27-12.10.12:807][683]LogUObjectHash: Compacting FUObjectHashTables data took   1.07ms
[2019.11.27-12.10.12:892][683]LogInit: XAudio2 using 'Altavoces (Logitech G430 Gaming Headset)' : 2 channels at 48 kHz using 16 bits per sample (channel mask 0x3)
[2019.11.27-12.10.12:905][683]LogInit: FAudioDevice initialized.
[2019.11.27-12.10.12:913][683]LogSlate: Updating window title bar state: overlay mode, drag disabled, window buttons hidden, title bar hidden
[2019.11.27-12.10.12:968][683]LogLoad: Game class is 'FirstPersonGameMode_C'
[2019.11.27-12.10.12:991][683]LogWorld: Bringing World /Game/FirstPersonBP/Maps/UEDPIE_0_FirstPersonExampleMap.FirstPersonExampleMap up for play (max tick rate 0) at 2019.11.27-13.10.12
[2019.11.27-12.10.13:000][683]LogWorld: Bringing up level for play took: 0.010759
[2019.11.27-12.10.13:065][683]LogContentBrowser: Native class hierarchy updated for 'MovieSceneCapture' in 0.0003 seconds. Added 20 classes and 0 folders.
[2019.11.27-12.10.13:164][683]PIE: Play in editor start time for /Game/FirstPersonBP/Maps/UEDPIE_0_FirstPersonExampleMap 1
[2019.11.27-12.10.13:172][683]LogBlueprintUserMessages: Late PlayInEditor Detection: Level '/Game/FirstPersonBP/Maps/FirstPersonExampleMap.FirstPersonExampleMap:PersistentLevel' has LevelScriptBlueprint '/Game/FirstPersonBP/Maps/FirstPersonExampleMap.FirstPersonExampleMap:PersistentLevel.FirstPersonExampleMap' with GeneratedClass '/Game/FirstPersonBP/Maps/FirstPersonExampleMap.FirstPersonExampleMap_C' with ClassGeneratedBy '/Game/FirstPersonBP/Maps/FirstPersonExampleMap.FirstPersonExampleMap:PersistentLevel.FirstPersonExampleMap'
[2019.11.27-12.10.13:254][684]LogRenderer: Reallocating scene render targets to support 1272x688 Format 10 NumSamples 1 (Frame:1).
[2019.11.27-12.10.23:460][889]LogScript: Warning: Script Msg: Attempted to access index 1 from array 'Abilities' of length 1 in '/Game/FirstPersonBP/Blueprints/FirstPersonCharacter.FirstPersonCharacter_C'!
[2019.11.27-12.10.23:802][930]LogScript: Warning: Script Msg: Attempted to access index 1 from array 'Abilities' of length 1 in '/Game/FirstPersonBP/Blueprints/FirstPersonCharacter.FirstPersonCharacter_C'!
[2019.11.27-12.10.25:927][185]LogScript: Warning: Script Msg: Attempted to access index 1 from array 'Abilities' of length 1 in '/Game/FirstPersonBP/Blueprints/FirstPersonCharacter.FirstPersonCharacter_C'!
[2019.11.27-12.10.26:061][201]LogScript: Warning: Script Msg: Attempted to access index 1 from array 'Abilities' of length 1 in '/Game/FirstPersonBP/Blueprints/FirstPersonCharacter.FirstPersonCharacter_C'!
[2019.11.27-12.10.26:202][218]LogScript: Warning: Script Msg: Attempted to access index 1 from array 'Abilities' of length 1 in '/Game/FirstPersonBP/Blueprints/FirstPersonCharacter.FirstPersonCharacter_C'!
[2019.11.27-12.10.26:360][237]LogScript: Warning: Script Msg: Attempted to access index 1 from array 'Abilities' of length 1 in '/Game/FirstPersonBP/Blueprints/FirstPersonCharacter.FirstPersonCharacter_C'!
[2019.11.27-12.10.26:453][248]LogScript: Warning: Script Msg: Attempted to access index 1 from array 'Abilities' of length 1 in '/Game/FirstPersonBP/Blueprints/FirstPersonCharacter.FirstPersonCharacter_C'!
[2019.11.27-12.10.26:570][262]LogScript: Warning: Script Msg: Attempted to access index 1 from array 'Abilities' of length 1 in '/Game/FirstPersonBP/Blueprints/FirstPersonCharacter.FirstPersonCharacter_C'!
[2019.11.27-12.10.26:685][276]LogScript: Warning: Script Msg: Attempted to access index 1 from array 'Abilities' of length 1 in '/Game/FirstPersonBP/Blueprints/FirstPersonCharacter.FirstPersonCharacter_C'!
[2019.11.27-12.10.26:836][294]LogScript: Warning: Script Msg: Attempted to access index 1 from array 'Abilities' of length 1 in '/Game/FirstPersonBP/Blueprints/FirstPersonCharacter.FirstPersonCharacter_C'!
[2019.11.27-12.10.26:978][311]LogScript: Warning: Script Msg: Attempted to access index 1 from array 'Abilities' of length 1 in '/Game/FirstPersonBP/Blueprints/FirstPersonCharacter.FirstPersonCharacter_C'!
[2019.11.27-12.10.27:136][330]LogScript: Warning: Script Msg: Attempted to access index 1 from array 'Abilities' of length 1 in '/Game/FirstPersonBP/Blueprints/FirstPersonCharacter.FirstPersonCharacter_C'!
[2019.11.27-12.10.27:494][373]LogScript: Warning: Script Msg: Attempted to access index 1 from array 'Abilities' of length 1 in '/Game/FirstPersonBP/Blueprints/FirstPersonCharacter.FirstPersonCharacter_C'!
[2019.11.27-12.10.27:644][391]LogScript: Warning: Script Msg: Attempted to access index 1 from array 'Abilities' of length 1 in '/Game/FirstPersonBP/Blueprints/FirstPersonCharacter.FirstPersonCharacter_C'!
[2019.11.27-12.10.27:770][406]LogScript: Warning: Script Msg: Attempted to access index 1 from array 'Abilities' of length 1 in '/Game/FirstPersonBP/Blueprints/FirstPersonCharacter.FirstPersonCharacter_C'!
[2019.11.27-12.10.27:886][420]LogScript: Warning: Script Msg: Attempted to access index 1 from array 'Abilities' of length 1 in '/Game/FirstPersonBP/Blueprints/FirstPersonCharacter.FirstPersonCharacter_C'!
[2019.11.27-12.10.27:986][432]LogScript: Warning: Script Msg: Attempted to access index 1 from array 'Abilities' of length 1 in '/Game/FirstPersonBP/Blueprints/FirstPersonCharacter.FirstPersonCharacter_C'!
[2019.11.27-12.10.28:103][446]LogScript: Warning: Script Msg: Attempted to access index 1 from array 'Abilities' of length 1 in '/Game/FirstPersonBP/Blueprints/FirstPersonCharacter.FirstPersonCharacter_C'!
[2019.11.27-12.10.31:993][912]LogScript: Warning: Script Msg: Attempted to access index 1 from array 'Abilities' of length 1 in '/Game/FirstPersonBP/Blueprints/FirstPersonCharacter.FirstPersonCharacter_C'!
[2019.11.27-12.10.32:127][928]LogScript: Warning: Script Msg: Attempted to access index 1 from array 'Abilities' of length 1 in '/Game/FirstPersonBP/Blueprints/FirstPersonCharacter.FirstPersonCharacter_C'!
[2019.11.27-12.10.35:745][362]LogBlueprintUserMessages: Early EndPlayMap Detection: Level '/Game/FirstPersonBP/Maps/FirstPersonExampleMap.FirstPersonExampleMap:PersistentLevel' has LevelScriptBlueprint '/Game/FirstPersonBP/Maps/FirstPersonExampleMap.FirstPersonExampleMap:PersistentLevel.FirstPersonExampleMap' with GeneratedClass '/Game/FirstPersonBP/Maps/FirstPersonExampleMap.FirstPersonExampleMap_C' with ClassGeneratedBy '/Game/FirstPersonBP/Maps/FirstPersonExampleMap.FirstPersonExampleMap:PersistentLevel.FirstPersonExampleMap'
[2019.11.27-12.10.35:745][362]LogSlate: Updating window title bar state: overlay mode, drag disabled, window buttons hidden, title bar hidden
[2019.11.27-12.10.35:801][362]LogSlate: Window 'BPOW Game Preview Standalone (64-bit/PCD3D_SM5)' being destroyed
[2019.11.27-12.10.35:836][362]LogPlayLevel: Display: Shutting down PIE online subsystems
[2019.11.27-12.10.35:836][362]LogBlueprintUserMessages: Late EndPlayMap Detection: Level '/Game/FirstPersonBP/Maps/FirstPersonExampleMap.FirstPersonExampleMap:PersistentLevel' has LevelScriptBlueprint '/Game/FirstPersonBP/Maps/FirstPersonExampleMap.FirstPersonExampleMap:PersistentLevel.FirstPersonExampleMap' with GeneratedClass '/Game/FirstPersonBP/Maps/FirstPersonExampleMap.FirstPersonExampleMap_C' with ClassGeneratedBy '/Game/FirstPersonBP/Maps/FirstPersonExampleMap.FirstPersonExampleMap:PersistentLevel.FirstPersonExampleMap'
[2019.11.27-12.10.35:867][362]LogUObjectHash: Compacting FUObjectHashTables data took   1.33ms
[2019.11.27-12.10.35:884][363]LogPlayLevel: Display: Destroying online subsystem :Context_3
[2019.11.27-12.11.50:883][806]LogSlate: FSceneViewport::OnFocusLost() reason 0
[2019.11.27-12.11.50:957][815]LogTemp: Repeating last play command: New Editor Window (PIE)
[2019.11.27-12.11.51:012][815]LogBlueprintUserMessages: Early PlayInEditor Detection: Level '/Game/FirstPersonBP/Maps/FirstPersonExampleMap.FirstPersonExampleMap:PersistentLevel' has LevelScriptBlueprint '/Game/FirstPersonBP/Maps/FirstPersonExampleMap.FirstPersonExampleMap:PersistentLevel.FirstPersonExampleMap' with GeneratedClass '/Game/FirstPersonBP/Maps/FirstPersonExampleMap.FirstPersonExampleMap_C' with ClassGeneratedBy '/Game/FirstPersonBP/Maps/FirstPersonExampleMap.FirstPersonExampleMap:PersistentLevel.FirstPersonExampleMap'
[2019.11.27-12.11.51:012][815]LogPlayLevel: PlayLevel: No blueprints needed recompiling
[2019.11.27-12.11.51:012][815]PIE: New page: PIE session: FirstPersonExampleMap (Nov 27, 2019, 2:11:51 PM)
[2019.11.27-12.11.51:012][815]LogPlayLevel: Creating play world package: /Game/FirstPersonBP/Maps/UEDPIE_0_FirstPersonExampleMap
[2019.11.27-12.11.51:026][815]LogPlayLevel: PIE: StaticDuplicateObject took: (0.013750s)
[2019.11.27-12.11.51:027][815]LogAIModule: Creating AISystem for world FirstPersonExampleMap
[2019.11.27-12.11.51:027][815]LogPlayLevel: PIE: World Init took: (0.001012s)
[2019.11.27-12.11.51:027][815]LogPlayLevel: PIE: Created PIE world by copying editor world from /Game/FirstPersonBP/Maps/FirstPersonExampleMap.FirstPersonExampleMap to /Game/FirstPersonBP/Maps/UEDPIE_0_FirstPersonExampleMap.FirstPersonExampleMap (0.015038s)
[2019.11.27-12.11.51:057][815]LogUObjectHash: Compacting FUObjectHashTables data took   1.49ms
[2019.11.27-12.11.51:084][815]LogInit: XAudio2 using 'Altavoces (Logitech G430 Gaming Headset)' : 2 channels at 48 kHz using 16 bits per sample (channel mask 0x3)
[2019.11.27-12.11.51:096][815]LogInit: FAudioDevice initialized.
[2019.11.27-12.11.51:106][815]LogSlate: Updating window title bar state: overlay mode, drag disabled, window buttons hidden, title bar hidden
[2019.11.27-12.11.51:134][815]LogLoad: Game class is 'FirstPersonGameMode_C'
[2019.11.27-12.11.51:136][815]PIE: Warning: Invalid Simulate Options: Body (BarrierProjector_2.Box) is set to simulate physics but Collision Enabled is incompatible
[2019.11.27-12.11.51:136][815]PIE: Warning: Invalid Simulate Options: Body (BarrierProjector_2.Box) is set to simulate physics but Collision Enabled is incompatible
[2019.11.27-12.11.51:136][815]LogWorld: Bringing World /Game/FirstPersonBP/Maps/UEDPIE_0_FirstPersonExampleMap.FirstPersonExampleMap up for play (max tick rate 0) at 2019.11.27-13.11.51
[2019.11.27-12.11.51:136][815]LogWorld: Bringing up level for play took: 0.001866
[2019.11.27-12.11.51:149][815]PIE: Warning: BarrierProjector_2.Sphere Sphere has to have 'CollisionEnabled' set to 'Query and Physics' or 'Physics only' if you'd like to AddImpulse. 
[2019.11.27-12.11.51:153][815]PIE: Play in editor start time for /Game/FirstPersonBP/Maps/UEDPIE_0_FirstPersonExampleMap 0.99
[2019.11.27-12.11.51:171][815]LogBlueprintUserMessages: Late PlayInEditor Detection: Level '/Game/FirstPersonBP/Maps/FirstPersonExampleMap.FirstPersonExampleMap:PersistentLevel' has LevelScriptBlueprint '/Game/FirstPersonBP/Maps/FirstPersonExampleMap.FirstPersonExampleMap:PersistentLevel.FirstPersonExampleMap' with GeneratedClass '/Game/FirstPersonBP/Maps/FirstPersonExampleMap.FirstPersonExampleMap_C' with ClassGeneratedBy '/Game/FirstPersonBP/Maps/FirstPersonExampleMap.FirstPersonExampleMap:PersistentLevel.FirstPersonExampleMap'
[2019.11.27-12.11.51:172][815]PIE: Warning: BarrierProjector_2.Sphere Sphere has to have 'CollisionEnabled' set to 'Query and Physics' or 'Physics only' if you'd like to AddImpulse. 
[2019.11.27-12.11.55:467][326]LogBlueprintUserMessages: Early EndPlayMap Detection: Level '/Game/FirstPersonBP/Maps/FirstPersonExampleMap.FirstPersonExampleMap:PersistentLevel' has LevelScriptBlueprint '/Game/FirstPersonBP/Maps/FirstPersonExampleMap.FirstPersonExampleMap:PersistentLevel.FirstPersonExampleMap' with GeneratedClass '/Game/FirstPersonBP/Maps/FirstPersonExampleMap.FirstPersonExampleMap_C' with ClassGeneratedBy '/Game/FirstPersonBP/Maps/FirstPersonExampleMap.FirstPersonExampleMap:PersistentLevel.FirstPersonExampleMap'
[2019.11.27-12.11.55:467][326]LogSlate: Updating window title bar state: overlay mode, drag disabled, window buttons hidden, title bar hidden
[2019.11.27-12.11.55:531][326]LogSlate: Window 'BPOW Game Preview Standalone (64-bit/PCD3D_SM5)' being destroyed
[2019.11.27-12.11.55:577][326]LogPlayLevel: Display: Shutting down PIE online subsystems
[2019.11.27-12.11.55:577][326]LogBlueprintUserMessages: Late EndPlayMap Detection: Level '/Game/FirstPersonBP/Maps/FirstPersonExampleMap.FirstPersonExampleMap:PersistentLevel' has LevelScriptBlueprint '/Game/FirstPersonBP/Maps/FirstPersonExampleMap.FirstPersonExampleMap:PersistentLevel.FirstPersonExampleMap' with GeneratedClass '/Game/FirstPersonBP/Maps/FirstPersonExampleMap.FirstPersonExampleMap_C' with ClassGeneratedBy '/Game/FirstPersonBP/Maps/FirstPersonExampleMap.FirstPersonExampleMap:PersistentLevel.FirstPersonExampleMap'
[2019.11.27-12.11.55:627][326]LogUObjectHash: Compacting FUObjectHashTables data took   1.07ms
[2019.11.27-12.11.55:677][327]LogPlayLevel: Display: Destroying online subsystem :Context_8
[2019.11.27-12.12.17:562][266]LogSlate: Window 'Message Log' being destroyed
[2019.11.27-12.12.17:565][266]LogSlate: Window 'Message Log' being destroyed
[2019.11.27-12.12.19:460][492]Cmd: DELETE
[2019.11.27-12.12.19:460][492]Cmd: ACTOR DELETE
[2019.11.27-12.12.20:082][492]LogEditorActor: Deleted Actor: BarrierProjector_C
[2019.11.27-12.12.20:140][492]LogUObjectHash: Compacting FUObjectHashTables data took   1.23ms
[2019.11.27-12.12.20:140][492]LogEditorActor: Deleted 1 Actors (0.079 secs)
[2019.11.27-12.13.35:316][438]Cmd: SELECT NONE
[2019.11.27-12.13.37:092][646]LogSlate: FSceneViewport::OnFocusLost() reason 0
[2019.11.27-12.18.50:265][821]LogUObjectHash: Compacting FUObjectHashTables data took   0.91ms
[2019.11.27-12.19.59:053][821]LogSavePackage: Moving 'E:/DAM_VIOD/Unreal/BPOW-master/BPOW-master/BPOW/Saved/FirstPersonExampleMap_Auto1890F87634F28A64EB69C1EA8B70898CD.tmp' to 'E:/DAM_VIOD/Unreal/BPOW-master/BPOW-master/BPOW/Saved/Autosaves/Game/FirstPersonBP/Maps/FirstPersonExampleMap_Auto1.umap'
[2019.11.27-12.20.05:234][821]LogFileHelpers: Editor autosave (incl. sublevels) for '/Game/FirstPersonBP/Maps/FirstPersonExampleMap' took 74.996
[2019.11.27-12.20.05:235][821]LogFileHelpers: Editor autosave (incl. sublevels) for all levels took 74.996
[2019.11.27-12.20.21:787][855]LogUnrealEdMisc: Warning: Heartbeat event firing too frequently (11.039 sec). This should never happen. Something is wrong with the timer delegate!
[2019.11.27-12.20.36:659][227]LogUObjectHash: Compacting FUObjectHashTables data took   1.84ms
[2019.11.27-12.20.38:759][227]LogSlate: Window 'Delete Assets' being destroyed
[2019.11.27-12.21.06:623][563]LogAssetEditorManager: Opening Asset editor for Blueprint /Game/FirstPersonBP/Blueprints/Abilities/Winston/BarrierProjector.BarrierProjector
[2019.11.27-12.21.06:886][563]LogContentBrowser: Native class hierarchy updated for 'BlueprintGraph' in 0.0005 seconds. Added 121 classes and 0 folders.
[2019.11.27-12.21.07:716][563]LogSlate: Took 0.000349 seconds to synchronously load lazily loaded font '../../../Engine/Content/Slate/Fonts/Roboto-BoldCondensed.ttf' (158K)
[2019.11.27-12.21.15:725][487]LogSlate: Took 0.000553 seconds to synchronously load lazily loaded font '../../../Engine/Content/Slate/Fonts/Roboto-Italic.ttf' (157K)
[2019.11.27-12.22.17:420][254]LogRenderer: Reallocating scene render targets to support 1272x880 Format 10 NumSamples 1 (Frame:1).
[2019.11.27-12.22.48:489][511]LogSlate: FSceneViewport::OnFocusLost() reason 0
[2019.11.27-12.23.18:698][826]LogAssetEditorManager: Opening Asset editor for Blueprint /Game/FirstPersonBP/Blueprints/Winston.Winston
[2019.11.27-12.24.39:334][986]LogSlate: Took 0.603728 seconds to synchronously load lazily loaded font '../../../Engine/Content/Slate/Fonts/Roboto-BoldCondensedItalic.ttf' (160K)
[2019.11.27-12.30.11:410][805]LogUObjectHash: Compacting FUObjectHashTables data took   3.41ms
[2019.11.27-12.30.11:410][805]LogFileHelpers: Editor autosave (incl. sublevels) for '/Game/FirstPersonBP/Maps/FirstPersonExampleMap' took 0.060
[2019.11.27-12.30.11:411][805]OBJ SavePackage: Generating thumbnails for [1] asset(s) in package [/Game/FirstPersonBP/Blueprints/Winston] ([1] browsable assets)...
[2019.11.27-12.30.11:427][805]OBJ SavePackage:     Rendered thumbnail for [Blueprint /Game/FirstPersonBP/Blueprints/Winston.Winston]
[2019.11.27-12.30.11:427][805]OBJ SavePackage: Finished generating thumbnails for package [/Game/FirstPersonBP/Blueprints/Winston]
[2019.11.27-12.30.46:784][805]LogSavePackage: Moving 'E:/DAM_VIOD/Unreal/BPOW-master/BPOW-master/BPOW/Saved/Winston_Auto2EFC67EE24FE4E8C28A4CA68FF3595B45.tmp' to 'E:/DAM_VIOD/Unreal/BPOW-master/BPOW-master/BPOW/Saved/Autosaves/Game/FirstPersonBP/Blueprints/Winston_Auto2.uasset'
[2019.11.27-12.30.46:849][805]OBJ SavePackage: Generating thumbnails for [1] asset(s) in package [/Game/FirstPersonBP/Blueprints/Abilities/Winston/BarrierProjector] ([1] browsable assets)...
[2019.11.27-12.30.46:901][805]OBJ SavePackage:     Rendered thumbnail for [Blueprint /Game/FirstPersonBP/Blueprints/Abilities/Winston/BarrierProjector.BarrierProjector]
[2019.11.27-12.30.46:901][805]OBJ SavePackage: Finished generating thumbnails for package [/Game/FirstPersonBP/Blueprints/Abilities/Winston/BarrierProjector]
[2019.11.27-12.31.00:895][805]LogSavePackage: Moving 'E:/DAM_VIOD/Unreal/BPOW-master/BPOW-master/BPOW/Saved/BarrierProjector_Auto20C3C711240BA574149ECDD96FC770D72.tmp' to 'E:/DAM_VIOD/Unreal/BPOW-master/BPOW-master/BPOW/Saved/Autosaves/Game/FirstPersonBP/Blueprints/Abilities/Winston/BarrierProjector_Auto2.uasset'
[2019.11.27-12.31.00:917][805]LogFileHelpers: Auto-saving content packages took 49.505
[2019.11.27-12.31.21:882][868]LogUnrealEdMisc: Warning: Heartbeat event firing too frequently (20.866 sec). This should never happen. Something is wrong with the timer delegate!
[2019.11.27-12.34.26:939][918]LogSlate: FSceneViewport::OnFocusLost() reason 0
[2019.11.27-12.41.01:260][796]LogUObjectHash: Compacting FUObjectHashTables data took   2.59ms
[2019.11.27-12.42.19:406][796]LogSavePackage: Moving 'E:/DAM_VIOD/Unreal/BPOW-master/BPOW-master/BPOW/Saved/FirstPersonExampleMap_Auto36041A9C6402CF69118596698B0711A08.tmp' to 'E:/DAM_VIOD/Unreal/BPOW-master/BPOW-master/BPOW/Saved/Autosaves/Game/FirstPersonBP/Maps/FirstPersonExampleMap_Auto3.umap'
[2019.11.27-12.42.27:600][796]LogFileHelpers: Editor autosave (incl. sublevels) for '/Game/FirstPersonBP/Maps/FirstPersonExampleMap' took 86.374
[2019.11.27-12.42.27:601][796]LogFileHelpers: Editor autosave (incl. sublevels) for all levels took 86.374
[2019.11.27-12.42.31:026][797]LogUnrealEdMisc: Warning: Heartbeat event firing too frequently (0.000 sec). This should never happen. Something is wrong with the timer delegate!
[2019.11.27-12.43.21:725][948]LogUnrealEdMisc: Warning: Heartbeat event firing too frequently (50.699 sec). This should never happen. Something is wrong with the timer delegate!
