Log file open, 11/27/19 16:58:26
LogWindows: Failed to load 'aqProf.dll' (GetLastError=126)
LogWindows: File 'aqProf.dll' does not exist
LogWindows: Failed to load 'VtuneApi.dll' (GetLastError=126)
LogWindows: File 'VtuneApi.dll' does not exist
LogWindows: Failed to load 'VtuneApi32e.dll' (GetLastError=126)
LogWindows: File 'VtuneApi32e.dll' does not exist
LogConsoleResponse: Display: Failed to find resolution value strings in scalability ini. Falling back to default.
LogInit: Display: Running engine for game: BPOW
LogPakFile: Registered encryption key '00000000000000000000000000000000': 0 pak files mounted, 0 remain pending
LogPlatformFile: Not using cached read wrapper
LogTaskGraph: Started task graph with 5 named threads and 35 total threads with 3 sets of task threads.
LogStats: Stats thread started at 0.413738
LogD3D11RHI: Loaded GFSDK_Aftermath_Lib.x64.dll
LogICUInternationalization: ICU TimeZone Detection - Raw Offset: +1:00, Platform Override: ''
LogMemory: Warning: MemoryStats:
	AvailablePhysical 3306213376
	 AvailableVirtual 140732701765632
	     UsedPhysical 74727424
	 PeakUsedPhysical 74739712
	      UsedVirtual 37822464
	  PeakUsedVirtual 39923712
Allocator Stats for TBB: (not implemented)
LogWindows: Windows GetLastError: La operación se completó correctamente. (0)
LogWindows: Error: === Critical error: ===
LogWindows: Error: 
LogWindows: Error: Fatal error: [File:D:\Build\++UE4\Sync\Engine\Source\Runtime\Core\Private\GenericPlatform\GenericPlatformMemory.cpp] [Line: 212] 
LogWindows: Error: Ran out of memory allocating 18446744073421335232 bytes with alignment 0
LogWindows: Error: 
LogWindows: Error: 
LogWindows: Error: [Callstack] 0x00007ff9f7a2a839 KERNELBASE.dll!UnknownFunction []
LogWindows: Error: [Callstack] 0x00007ff9b5f71f37 UE4Editor-Core.dll!UnknownFunction []
LogWindows: Error: [Callstack] 0x00007ff9b5f746e7 UE4Editor-Core.dll!UnknownFunction []
LogWindows: Error: [Callstack] 0x00007ff9b5d87d1a UE4Editor-Core.dll!UnknownFunction []
LogWindows: Error: [Callstack] 0x00007ff9b5d0fe33 UE4Editor-Core.dll!UnknownFunction []
LogWindows: Error: [Callstack] 0x00007ff9b5d0fd18 UE4Editor-Core.dll!UnknownFunction []
LogWindows: Error: [Callstack] 0x00007ff9b5bdaf07 UE4Editor-Core.dll!UnknownFunction []
LogWindows: Error: [Callstack] 0x00007ff9b5c2cb36 UE4Editor-Core.dll!UnknownFunction []
LogWindows: Error: [Callstack] 0x00007ff9b5c2cc3a UE4Editor-Core.dll!UnknownFunction []
LogWindows: Error: [Callstack] 0x00007ff9b5d874b4 UE4Editor-Core.dll!UnknownFunction []
LogWindows: Error: [Callstack] 0x00007ff9b5d2cd81 UE4Editor-Core.dll!UnknownFunction []
LogWindows: Error: [Callstack] 0x00007ff9b5d92b40 UE4Editor-Core.dll!UnknownFunction []
LogWindows: Error: [Callstack] 0x00007ff9b5d2c484 UE4Editor-Core.dll!UnknownFunction []
LogWindows: Error: [Callstack] 0x00007ff9b5d245f2 UE4Editor-Core.dll!UnknownFunction []
LogWindows: Error: [Callstack] 0x00007ff9b5d24bec UE4Editor-Core.dll!UnknownFunction []
LogWindows: Error: [Callstack] 0x00007ff9b5d22a4c UE4Editor-Core.dll!UnknownFunction []
LogWindows: Error: [Callstack] 0x00007ff6e2dbf564 UE4Editor.exe!UnknownFunction []
LogWindows: Error: [Callstack] 0x00007ff6e2dcb4c0 UE4Editor.exe!UnknownFunction []
LogWindows: Error: [Callstack] 0x00007ff6e2dc5377 UE4Editor.exe!UnknownFunction []
LogWindows: Error: [Callstack] 0x00007ff6e2dc55ca UE4Editor.exe!UnknownFunction []
LogWindows: Error: [Callstack] 0x00007ff6e2dd316c UE4Editor.exe!UnknownFunction []
LogWindows: Error: [Callstack] 0x00007ff6e2dd5b8e UE4Editor.exe!UnknownFunction []
LogWindows: Error: [Callstack] 0x00007ff9f8297bd4 KERNEL32.DLL!UnknownFunction []
LogWindows: Error: [Callstack] 0x00007ff9f9e4ced1 ntdll.dll!UnknownFunction []
LogWindows: Error: 
LogWindows: FPlatformMisc::RequestExit(1)
Log file closed, 11/27/19 16:58:27
